mode: atomic
github.com/vijaynallagatla/vjvector/pkg/batch/embedding_processor.go:36.122,37.34 1 8
github.com/vijaynallagatla/vjvector/pkg/batch/embedding_processor.go:37.34,39.3 1 0
github.com/vijaynallagatla/vjvector/pkg/batch/embedding_processor.go:40.2,40.30 1 8
github.com/vijaynallagatla/vjvector/pkg/batch/embedding_processor.go:40.30,42.3 1 0
github.com/vijaynallagatla/vjvector/pkg/batch/embedding_processor.go:43.2,43.36 1 8
github.com/vijaynallagatla/vjvector/pkg/batch/embedding_processor.go:43.36,45.3 1 1
github.com/vijaynallagatla/vjvector/pkg/batch/embedding_processor.go:46.2,46.32 1 8
github.com/vijaynallagatla/vjvector/pkg/batch/embedding_processor.go:46.32,48.3 1 1
github.com/vijaynallagatla/vjvector/pkg/batch/embedding_processor.go:50.2,60.18 3 8
github.com/vijaynallagatla/vjvector/pkg/batch/embedding_processor.go:64.137,68.48 2 7
github.com/vijaynallagatla/vjvector/pkg/batch/embedding_processor.go:68.48,70.3 1 1
github.com/vijaynallagatla/vjvector/pkg/batch/embedding_processor.go:73.2,87.52 4 6
github.com/vijaynallagatla/vjvector/pkg/batch/embedding_processor.go:87.52,89.3 1 2
github.com/vijaynallagatla/vjvector/pkg/batch/embedding_processor.go:92.2,93.16 2 6
github.com/vijaynallagatla/vjvector/pkg/batch/embedding_processor.go:93.16,95.3 1 0
github.com/vijaynallagatla/vjvector/pkg/batch/embedding_processor.go:98.2,113.22 13 6
github.com/vijaynallagatla/vjvector/pkg/batch/embedding_processor.go:117.104,122.13 4 6
github.com/vijaynallagatla/vjvector/pkg/batch/embedding_processor.go:122.13,124.3 1 0
github.com/vijaynallagatla/vjvector/pkg/batch/embedding_processor.go:127.2,128.30 2 6
github.com/vijaynallagatla/vjvector/pkg/batch/embedding_processor.go:128.30,130.3 1 4
github.com/vijaynallagatla/vjvector/pkg/batch/embedding_processor.go:133.2,133.24 1 2
github.com/vijaynallagatla/vjvector/pkg/batch/embedding_processor.go:133.24,135.3 1 0
github.com/vijaynallagatla/vjvector/pkg/batch/embedding_processor.go:137.2,137.20 1 2
github.com/vijaynallagatla/vjvector/pkg/batch/embedding_processor.go:141.96,146.13 4 0
github.com/vijaynallagatla/vjvector/pkg/batch/embedding_processor.go:146.13,149.3 1 0
github.com/vijaynallagatla/vjvector/pkg/batch/embedding_processor.go:152.2,160.22 6 0
github.com/vijaynallagatla/vjvector/pkg/batch/embedding_processor.go:164.105,170.36 4 0
github.com/vijaynallagatla/vjvector/pkg/batch/embedding_processor.go:170.36,172.3 1 0
github.com/vijaynallagatla/vjvector/pkg/batch/embedding_processor.go:173.2,173.15 1 0
github.com/vijaynallagatla/vjvector/pkg/batch/embedding_processor.go:177.160,201.37 11 6
github.com/vijaynallagatla/vjvector/pkg/batch/embedding_processor.go:201.37,203.13 2 12
github.com/vijaynallagatla/vjvector/pkg/batch/embedding_processor.go:203.13,205.26 2 12
github.com/vijaynallagatla/vjvector/pkg/batch/embedding_processor.go:205.26,207.5 1 12
github.com/vijaynallagatla/vjvector/pkg/batch/embedding_processor.go:212.2,212.12 1 6
github.com/vijaynallagatla/vjvector/pkg/batch/embedding_processor.go:212.12,214.35 2 6
github.com/vijaynallagatla/vjvector/pkg/batch/embedding_processor.go:214.35,222.4 3 12
github.com/vijaynallagatla/vjvector/pkg/batch/embedding_processor.go:226.2,228.39 2 6
github.com/vijaynallagatla/vjvector/pkg/batch/embedding_processor.go:233.91,249.21 3 12
github.com/vijaynallagatla/vjvector/pkg/batch/embedding_processor.go:249.21,251.3 1 5
github.com/vijaynallagatla/vjvector/pkg/batch/embedding_processor.go:254.2,255.16 2 12
github.com/vijaynallagatla/vjvector/pkg/batch/embedding_processor.go:255.16,258.40 2 0
github.com/vijaynallagatla/vjvector/pkg/batch/embedding_processor.go:258.40,264.4 1 0
github.com/vijaynallagatla/vjvector/pkg/batch/embedding_processor.go:265.3,268.9 3 0
github.com/vijaynallagatla/vjvector/pkg/batch/embedding_processor.go:272.2,272.42 1 12
github.com/vijaynallagatla/vjvector/pkg/batch/embedding_processor.go:272.42,274.3 1 226
github.com/vijaynallagatla/vjvector/pkg/batch/embedding_processor.go:277.2,279.23 3 12
github.com/vijaynallagatla/vjvector/pkg/batch/embedding_processor.go:279.23,281.3 1 0
github.com/vijaynallagatla/vjvector/pkg/batch/embedding_processor.go:281.8,283.3 1 12
github.com/vijaynallagatla/vjvector/pkg/batch/embedding_processor.go:284.2,290.34 2 12
github.com/vijaynallagatla/vjvector/pkg/batch/embedding_processor.go:302.81,303.16 1 7
github.com/vijaynallagatla/vjvector/pkg/batch/embedding_processor.go:303.16,305.3 1 0
github.com/vijaynallagatla/vjvector/pkg/batch/embedding_processor.go:306.2,306.25 1 7
github.com/vijaynallagatla/vjvector/pkg/batch/embedding_processor.go:306.25,308.3 1 1
github.com/vijaynallagatla/vjvector/pkg/batch/embedding_processor.go:309.2,309.45 1 6
github.com/vijaynallagatla/vjvector/pkg/batch/embedding_processor.go:309.45,311.3 1 0
github.com/vijaynallagatla/vjvector/pkg/batch/embedding_processor.go:312.2,312.54 1 6
github.com/vijaynallagatla/vjvector/pkg/batch/embedding_processor.go:312.54,314.3 1 0
github.com/vijaynallagatla/vjvector/pkg/batch/embedding_processor.go:315.2,315.12 1 6
github.com/vijaynallagatla/vjvector/pkg/batch/embedding_processor.go:319.73,320.24 1 6
github.com/vijaynallagatla/vjvector/pkg/batch/embedding_processor.go:320.24,322.3 1 2
github.com/vijaynallagatla/vjvector/pkg/batch/embedding_processor.go:323.2,323.28 1 6
github.com/vijaynallagatla/vjvector/pkg/batch/embedding_processor.go:323.28,325.3 1 2
github.com/vijaynallagatla/vjvector/pkg/batch/embedding_processor.go:326.2,326.22 1 6
github.com/vijaynallagatla/vjvector/pkg/batch/embedding_processor.go:326.22,328.3 1 2
github.com/vijaynallagatla/vjvector/pkg/batch/embedding_processor.go:329.2,329.24 1 6
github.com/vijaynallagatla/vjvector/pkg/batch/embedding_processor.go:329.24,331.3 1 0
github.com/vijaynallagatla/vjvector/pkg/batch/embedding_processor.go:335.118,338.2 1 5
github.com/vijaynallagatla/vjvector/pkg/batch/embedding_processor.go:341.64,388.2 4 8
github.com/vijaynallagatla/vjvector/pkg/batch/embedding_processor.go:391.82,399.2 7 6
github.com/vijaynallagatla/vjvector/pkg/batch/embedding_processor.go:402.67,414.2 2 0
github.com/vijaynallagatla/vjvector/pkg/batch/embedding_processor.go:417.24,418.11 1 25
github.com/vijaynallagatla/vjvector/pkg/batch/embedding_processor.go:418.11,420.3 1 10
github.com/vijaynallagatla/vjvector/pkg/batch/embedding_processor.go:421.2,421.10 1 15
github.com/vijaynallagatla/vjvector/pkg/batch/processor.go:46.117,48.50 1 8
github.com/vijaynallagatla/vjvector/pkg/batch/processor.go:48.50,50.3 1 0
github.com/vijaynallagatla/vjvector/pkg/batch/processor.go:51.2,51.47 1 8
github.com/vijaynallagatla/vjvector/pkg/batch/processor.go:51.47,53.3 1 0
github.com/vijaynallagatla/vjvector/pkg/batch/processor.go:54.2,54.42 1 8
github.com/vijaynallagatla/vjvector/pkg/batch/processor.go:54.42,56.3 1 0
github.com/vijaynallagatla/vjvector/pkg/batch/processor.go:58.2,66.18 2 8
github.com/vijaynallagatla/vjvector/pkg/batch/processor.go:70.126,77.31 4 7
github.com/vijaynallagatla/vjvector/pkg/batch/processor.go:77.31,83.3 3 0
github.com/vijaynallagatla/vjvector/pkg/batch/processor.go:86.2,87.16 2 7
github.com/vijaynallagatla/vjvector/pkg/batch/processor.go:87.16,89.3 1 1
github.com/vijaynallagatla/vjvector/pkg/batch/processor.go:92.2,101.22 3 6
github.com/vijaynallagatla/vjvector/pkg/batch/processor.go:105.117,112.31 4 4
github.com/vijaynallagatla/vjvector/pkg/batch/processor.go:112.31,118.3 3 0
github.com/vijaynallagatla/vjvector/pkg/batch/processor.go:121.2,122.16 2 4
github.com/vijaynallagatla/vjvector/pkg/batch/processor.go:122.16,124.3 1 1
github.com/vijaynallagatla/vjvector/pkg/batch/processor.go:127.2,137.22 3 3
github.com/vijaynallagatla/vjvector/pkg/batch/processor.go:141.107,148.31 4 0
github.com/vijaynallagatla/vjvector/pkg/batch/processor.go:148.31,154.3 3 0
github.com/vijaynallagatla/vjvector/pkg/batch/processor.go:157.2,158.36 2 0
github.com/vijaynallagatla/vjvector/pkg/batch/processor.go:158.36,163.3 1 0
github.com/vijaynallagatla/vjvector/pkg/batch/processor.go:166.2,167.16 2 0
github.com/vijaynallagatla/vjvector/pkg/batch/processor.go:167.16,169.3 1 0
github.com/vijaynallagatla/vjvector/pkg/batch/processor.go:172.2,180.37 4 0
github.com/vijaynallagatla/vjvector/pkg/batch/processor.go:180.37,183.46 2 0
github.com/vijaynallagatla/vjvector/pkg/batch/processor.go:183.46,197.4 1 0
github.com/vijaynallagatla/vjvector/pkg/batch/processor.go:199.3,209.4 1 0
github.com/vijaynallagatla/vjvector/pkg/batch/processor.go:213.2,245.27 3 0
github.com/vijaynallagatla/vjvector/pkg/batch/processor.go:249.84,251.51 1 3
github.com/vijaynallagatla/vjvector/pkg/batch/processor.go:251.51,252.18 1 3
github.com/vijaynallagatla/vjvector/pkg/batch/processor.go:254.100,255.69 1 3
github.com/vijaynallagatla/vjvector/pkg/batch/processor.go:260.2,260.48 1 0
github.com/vijaynallagatla/vjvector/pkg/batch/processor.go:260.48,264.3 1 0
github.com/vijaynallagatla/vjvector/pkg/batch/processor.go:268.2,268.91 1 0
github.com/vijaynallagatla/vjvector/pkg/batch/processor.go:272.62,291.2 5 10
github.com/vijaynallagatla/vjvector/pkg/batch/processor.go:294.73,298.2 3 2
github.com/vijaynallagatla/vjvector/pkg/batch/processor.go:301.35,305.6 2 8
github.com/vijaynallagatla/vjvector/pkg/batch/processor.go:305.6,307.31 2 8
github.com/vijaynallagatla/vjvector/pkg/batch/processor.go:307.31,308.9 1 8
github.com/vijaynallagatla/vjvector/pkg/batch/processor.go:310.3,310.37 1 0
github.com/vijaynallagatla/vjvector/pkg/batch/processor.go:313.2,314.12 2 8
github.com/vijaynallagatla/vjvector/pkg/batch/processor.go:318.114,319.31 1 0
github.com/vijaynallagatla/vjvector/pkg/batch/processor.go:319.31,321.3 1 0
github.com/vijaynallagatla/vjvector/pkg/batch/processor.go:323.2,329.6 5 0
github.com/vijaynallagatla/vjvector/pkg/batch/processor.go:329.6,330.10 1 0
github.com/vijaynallagatla/vjvector/pkg/batch/processor.go:331.21,332.10 1 0
github.com/vijaynallagatla/vjvector/pkg/batch/processor.go:333.19,338.29 4 0
github.com/vijaynallagatla/vjvector/pkg/batch/processor.go:338.29,340.5 1 0
github.com/vijaynallagatla/vjvector/pkg/batch/processor.go:342.4,342.53 1 0
github.com/vijaynallagatla/vjvector/pkg/batch/processor.go:348.108,349.31 1 0
github.com/vijaynallagatla/vjvector/pkg/batch/processor.go:349.31,351.3 1 0
github.com/vijaynallagatla/vjvector/pkg/batch/processor.go:353.2,358.6 4 0
github.com/vijaynallagatla/vjvector/pkg/batch/processor.go:358.6,359.10 1 0
github.com/vijaynallagatla/vjvector/pkg/batch/processor.go:360.21,361.10 1 0
github.com/vijaynallagatla/vjvector/pkg/batch/processor.go:362.19,367.31 4 0
github.com/vijaynallagatla/vjvector/pkg/batch/processor.go:367.31,369.5 1 0
github.com/vijaynallagatla/vjvector/pkg/batch/processor.go:371.4,371.55 1 0
github.com/vijaynallagatla/vjvector/pkg/batch/processor.go:377.102,378.31 1 0
github.com/vijaynallagatla/vjvector/pkg/batch/processor.go:378.31,380.3 1 0
github.com/vijaynallagatla/vjvector/pkg/batch/processor.go:382.2,387.6 4 0
github.com/vijaynallagatla/vjvector/pkg/batch/processor.go:387.6,388.10 1 0
github.com/vijaynallagatla/vjvector/pkg/batch/processor.go:389.21,390.10 1 0
github.com/vijaynallagatla/vjvector/pkg/batch/processor.go:391.19,397.31 4 0
github.com/vijaynallagatla/vjvector/pkg/batch/processor.go:397.31,399.5 1 0
github.com/vijaynallagatla/vjvector/pkg/batch/processor.go:401.4,401.55 1 0
github.com/vijaynallagatla/vjvector/pkg/batch/processor.go:407.46,411.2 3 11
github.com/vijaynallagatla/vjvector/pkg/batch/processor.go:414.46,418.2 3 11
github.com/vijaynallagatla/vjvector/pkg/batch/processor.go:421.81,430.35 6 6
github.com/vijaynallagatla/vjvector/pkg/batch/processor.go:430.35,433.3 2 6
github.com/vijaynallagatla/vjvector/pkg/batch/processor.go:436.2,441.28 4 6
github.com/vijaynallagatla/vjvector/pkg/batch/processor.go:441.28,443.3 1 6
github.com/vijaynallagatla/vjvector/pkg/batch/processor.go:447.75,456.35 6 3
github.com/vijaynallagatla/vjvector/pkg/batch/processor.go:456.35,459.3 2 3
github.com/vijaynallagatla/vjvector/pkg/batch/processor.go:462.2,463.95 2 3
github.com/vijaynallagatla/vjvector/pkg/batch/processor.go:467.105,469.2 1 0
github.com/vijaynallagatla/vjvector/pkg/batch/processor.go:472.95,474.2 1 0
github.com/vijaynallagatla/vjvector/pkg/batch/processor.go:477.95,479.2 1 0
github.com/vijaynallagatla/vjvector/pkg/batch/processor.go:482.89,484.2 1 0
github.com/vijaynallagatla/vjvector/pkg/batch/processor.go:487.37,558.2 1 7
github.com/vijaynallagatla/vjvector/pkg/batch/rag_processor.go:42.68,44.52 1 0
github.com/vijaynallagatla/vjvector/pkg/batch/rag_processor.go:44.52,46.3 1 0
github.com/vijaynallagatla/vjvector/pkg/batch/rag_processor.go:47.2,47.44 1 0
github.com/vijaynallagatla/vjvector/pkg/batch/rag_processor.go:47.44,49.3 1 0
github.com/vijaynallagatla/vjvector/pkg/batch/rag_processor.go:50.2,50.51 1 0
github.com/vijaynallagatla/vjvector/pkg/batch/rag_processor.go:50.51,52.3 1 0
github.com/vijaynallagatla/vjvector/pkg/batch/rag_processor.go:54.2,64.18 3 0
github.com/vijaynallagatla/vjvector/pkg/batch/rag_processor.go:68.57,70.2 1 0
github.com/vijaynallagatla/vjvector/pkg/batch/rag_processor.go:73.111,77.48 2 0
github.com/vijaynallagatla/vjvector/pkg/batch/rag_processor.go:77.48,79.3 1 0
github.com/vijaynallagatla/vjvector/pkg/batch/rag_processor.go:82.2,95.16 4 0
github.com/vijaynallagatla/vjvector/pkg/batch/rag_processor.go:95.16,97.3 1 0
github.com/vijaynallagatla/vjvector/pkg/batch/rag_processor.go:100.2,108.43 9 0
github.com/vijaynallagatla/vjvector/pkg/batch/rag_processor.go:108.43,110.3 1 0
github.com/vijaynallagatla/vjvector/pkg/batch/rag_processor.go:111.2,111.33 1 0
github.com/vijaynallagatla/vjvector/pkg/batch/rag_processor.go:111.33,113.3 1 0
github.com/vijaynallagatla/vjvector/pkg/batch/rag_processor.go:116.2,121.22 3 0
github.com/vijaynallagatla/vjvector/pkg/batch/rag_processor.go:125.96,130.13 4 0
github.com/vijaynallagatla/vjvector/pkg/batch/rag_processor.go:130.13,132.3 1 0
github.com/vijaynallagatla/vjvector/pkg/batch/rag_processor.go:135.2,136.32 2 0
github.com/vijaynallagatla/vjvector/pkg/batch/rag_processor.go:136.32,138.3 1 0
github.com/vijaynallagatla/vjvector/pkg/batch/rag_processor.go:141.2,141.25 1 0
github.com/vijaynallagatla/vjvector/pkg/batch/rag_processor.go:141.25,143.3 1 0
github.com/vijaynallagatla/vjvector/pkg/batch/rag_processor.go:145.2,145.20 1 0
github.com/vijaynallagatla/vjvector/pkg/batch/rag_processor.go:149.84,154.13 4 0
github.com/vijaynallagatla/vjvector/pkg/batch/rag_processor.go:154.13,157.3 1 0
github.com/vijaynallagatla/vjvector/pkg/batch/rag_processor.go:160.2,168.22 6 0
github.com/vijaynallagatla/vjvector/pkg/batch/rag_processor.go:172.99,178.36 4 0
github.com/vijaynallagatla/vjvector/pkg/batch/rag_processor.go:178.36,180.3 1 0
github.com/vijaynallagatla/vjvector/pkg/batch/rag_processor.go:181.2,181.15 1 0
github.com/vijaynallagatla/vjvector/pkg/batch/rag_processor.go:185.67,202.2 4 0
github.com/vijaynallagatla/vjvector/pkg/batch/rag_processor.go:205.128,206.23 1 0
github.com/vijaynallagatla/vjvector/pkg/batch/rag_processor.go:207.39,208.49 1 0
github.com/vijaynallagatla/vjvector/pkg/batch/rag_processor.go:209.40,210.50 1 0
github.com/vijaynallagatla/vjvector/pkg/batch/rag_processor.go:211.41,212.51 1 0
github.com/vijaynallagatla/vjvector/pkg/batch/rag_processor.go:213.36,214.46 1 0
github.com/vijaynallagatla/vjvector/pkg/batch/rag_processor.go:215.36,216.46 1 0
github.com/vijaynallagatla/vjvector/pkg/batch/rag_processor.go:217.36,218.46 1 0
github.com/vijaynallagatla/vjvector/pkg/batch/rag_processor.go:219.10,220.78 1 0
github.com/vijaynallagatla/vjvector/pkg/batch/rag_processor.go:225.135,229.36 3 0
github.com/vijaynallagatla/vjvector/pkg/batch/rag_processor.go:229.36,238.26 3 0
github.com/vijaynallagatla/vjvector/pkg/batch/rag_processor.go:238.26,240.18 2 0
github.com/vijaynallagatla/vjvector/pkg/batch/rag_processor.go:240.18,246.13 2 0
github.com/vijaynallagatla/vjvector/pkg/batch/rag_processor.go:248.4,248.30 1 0
github.com/vijaynallagatla/vjvector/pkg/batch/rag_processor.go:249.9,252.4 1 0
github.com/vijaynallagatla/vjvector/pkg/batch/rag_processor.go:255.3,263.4 1 0
github.com/vijaynallagatla/vjvector/pkg/batch/rag_processor.go:266.2,266.29 1 0
github.com/vijaynallagatla/vjvector/pkg/batch/rag_processor.go:270.136,274.36 3 0
github.com/vijaynallagatla/vjvector/pkg/batch/rag_processor.go:274.36,292.26 3 0
github.com/vijaynallagatla/vjvector/pkg/batch/rag_processor.go:292.26,294.18 2 0
github.com/vijaynallagatla/vjvector/pkg/batch/rag_processor.go:294.18,300.13 2 0
github.com/vijaynallagatla/vjvector/pkg/batch/rag_processor.go:302.4,302.30 1 0
github.com/vijaynallagatla/vjvector/pkg/batch/rag_processor.go:303.9,306.4 1 0
github.com/vijaynallagatla/vjvector/pkg/batch/rag_processor.go:309.3,310.42 2 0
github.com/vijaynallagatla/vjvector/pkg/batch/rag_processor.go:310.42,318.4 1 0
github.com/vijaynallagatla/vjvector/pkg/batch/rag_processor.go:320.3,326.4 1 0
github.com/vijaynallagatla/vjvector/pkg/batch/rag_processor.go:329.2,329.29 1 0
github.com/vijaynallagatla/vjvector/pkg/batch/rag_processor.go:333.137,337.36 3 0
github.com/vijaynallagatla/vjvector/pkg/batch/rag_processor.go:337.36,341.25 2 0
github.com/vijaynallagatla/vjvector/pkg/batch/rag_processor.go:341.25,342.53 1 0
github.com/vijaynallagatla/vjvector/pkg/batch/rag_processor.go:342.53,344.5 1 0
github.com/vijaynallagatla/vjvector/pkg/batch/rag_processor.go:345.4,345.56 1 0
github.com/vijaynallagatla/vjvector/pkg/batch/rag_processor.go:345.56,347.5 1 0
github.com/vijaynallagatla/vjvector/pkg/batch/rag_processor.go:350.3,356.4 1 0
github.com/vijaynallagatla/vjvector/pkg/batch/rag_processor.go:359.2,359.29 1 0
github.com/vijaynallagatla/vjvector/pkg/batch/rag_processor.go:363.132,367.36 3 0
github.com/vijaynallagatla/vjvector/pkg/batch/rag_processor.go:367.36,371.26 3 0
github.com/vijaynallagatla/vjvector/pkg/batch/rag_processor.go:371.26,373.18 2 0
github.com/vijaynallagatla/vjvector/pkg/batch/rag_processor.go:373.18,379.13 2 0
github.com/vijaynallagatla/vjvector/pkg/batch/rag_processor.go:381.4,381.30 1 0
github.com/vijaynallagatla/vjvector/pkg/batch/rag_processor.go:382.9,384.4 1 0
github.com/vijaynallagatla/vjvector/pkg/batch/rag_processor.go:387.3,394.26 3 0
github.com/vijaynallagatla/vjvector/pkg/batch/rag_processor.go:394.26,396.18 2 0
github.com/vijaynallagatla/vjvector/pkg/batch/rag_processor.go:396.18,402.13 2 0
github.com/vijaynallagatla/vjvector/pkg/batch/rag_processor.go:404.4,404.30 1 0
github.com/vijaynallagatla/vjvector/pkg/batch/rag_processor.go:405.9,407.4 1 0
github.com/vijaynallagatla/vjvector/pkg/batch/rag_processor.go:410.3,411.25 2 0
github.com/vijaynallagatla/vjvector/pkg/batch/rag_processor.go:411.25,412.53 1 0
github.com/vijaynallagatla/vjvector/pkg/batch/rag_processor.go:412.53,414.5 1 0
github.com/vijaynallagatla/vjvector/pkg/batch/rag_processor.go:415.4,415.56 1 0
github.com/vijaynallagatla/vjvector/pkg/batch/rag_processor.go:415.56,417.5 1 0
github.com/vijaynallagatla/vjvector/pkg/batch/rag_processor.go:421.3,422.42 2 0
github.com/vijaynallagatla/vjvector/pkg/batch/rag_processor.go:422.42,430.4 1 0
github.com/vijaynallagatla/vjvector/pkg/batch/rag_processor.go:432.3,442.4 1 0
github.com/vijaynallagatla/vjvector/pkg/batch/rag_processor.go:445.2,445.29 1 0
github.com/vijaynallagatla/vjvector/pkg/batch/rag_processor.go:449.132,453.2 1 0
github.com/vijaynallagatla/vjvector/pkg/batch/rag_processor.go:456.132,460.2 1 0
github.com/vijaynallagatla/vjvector/pkg/batch/rag_processor.go:463.69,464.16 1 0
github.com/vijaynallagatla/vjvector/pkg/batch/rag_processor.go:464.16,466.3 1 0
github.com/vijaynallagatla/vjvector/pkg/batch/rag_processor.go:467.2,467.27 1 0
github.com/vijaynallagatla/vjvector/pkg/batch/rag_processor.go:467.27,469.3 1 0
github.com/vijaynallagatla/vjvector/pkg/batch/rag_processor.go:470.2,470.29 1 0
github.com/vijaynallagatla/vjvector/pkg/batch/rag_processor.go:470.29,472.3 1 0
github.com/vijaynallagatla/vjvector/pkg/batch/rag_processor.go:473.2,473.12 1 0
github.com/vijaynallagatla/vjvector/pkg/batch/rag_processor.go:477.61,478.24 1 0
github.com/vijaynallagatla/vjvector/pkg/batch/rag_processor.go:478.24,480.3 1 0
github.com/vijaynallagatla/vjvector/pkg/batch/rag_processor.go:481.2,481.28 1 0
github.com/vijaynallagatla/vjvector/pkg/batch/rag_processor.go:481.28,483.3 1 0
github.com/vijaynallagatla/vjvector/pkg/batch/rag_processor.go:484.2,484.22 1 0
github.com/vijaynallagatla/vjvector/pkg/batch/rag_processor.go:484.22,486.3 1 0
github.com/vijaynallagatla/vjvector/pkg/batch/rag_processor.go:490.59,542.2 4 0
github.com/vijaynallagatla/vjvector/pkg/batch/rag_processor.go:545.103,556.13 3 0
github.com/vijaynallagatla/vjvector/pkg/batch/rag_processor.go:556.13,558.3 1 0
github.com/vijaynallagatla/vjvector/pkg/batch/rag_processor.go:561.2,564.22 3 0
github.com/vijaynallagatla/vjvector/pkg/batch/rag_processor.go:568.87,571.23 2 0
github.com/vijaynallagatla/vjvector/pkg/batch/rag_processor.go:571.23,573.3 1 0
github.com/vijaynallagatla/vjvector/pkg/batch/rag_processor.go:575.2,581.33 6 0
github.com/vijaynallagatla/vjvector/pkg/batch/rag_processor.go:581.33,582.38 1 0
github.com/vijaynallagatla/vjvector/pkg/batch/rag_processor.go:582.38,585.4 2 0
github.com/vijaynallagatla/vjvector/pkg/batch/rag_processor.go:586.3,586.38 1 0
github.com/vijaynallagatla/vjvector/pkg/batch/rag_processor.go:586.38,588.4 1 0
github.com/vijaynallagatla/vjvector/pkg/batch/rag_processor.go:589.3,589.42 1 0
github.com/vijaynallagatla/vjvector/pkg/batch/rag_processor.go:589.42,591.4 1 0
github.com/vijaynallagatla/vjvector/pkg/batch/rag_processor.go:592.3,592.46 1 0
github.com/vijaynallagatla/vjvector/pkg/batch/rag_processor.go:595.2,599.29 4 0
github.com/vijaynallagatla/vjvector/pkg/batch/rag_processor.go:599.29,601.3 1 0
github.com/vijaynallagatla/vjvector/pkg/batch/rag_processor.go:603.2,603.24 1 0
github.com/vijaynallagatla/vjvector/pkg/batch/rag_processor.go:603.24,605.3 1 0
github.com/vijaynallagatla/vjvector/pkg/batch/rag_processor.go:607.2,607.16 1 0
github.com/vijaynallagatla/vjvector/pkg/batch/rag_processor.go:611.99,621.142 7 0
github.com/vijaynallagatla/vjvector/pkg/batch/rag_processor.go:621.142,625.3 3 0
github.com/vijaynallagatla/vjvector/pkg/batch/test_helpers.go:16.143,19.27 2 12
github.com/vijaynallagatla/vjvector/pkg/batch/test_helpers.go:19.27,22.28 2 226
github.com/vijaynallagatla/vjvector/pkg/batch/test_helpers.go:22.28,24.4 1 28928
github.com/vijaynallagatla/vjvector/pkg/batch/test_helpers.go:25.3,25.28 1 226
github.com/vijaynallagatla/vjvector/pkg/batch/test_helpers.go:28.2,36.8 1 12
github.com/vijaynallagatla/vjvector/pkg/batch/test_helpers.go:39.188,41.2 1 0
github.com/vijaynallagatla/vjvector/pkg/batch/test_helpers.go:43.84,45.2 1 0
github.com/vijaynallagatla/vjvector/pkg/batch/test_helpers.go:47.109,49.2 1 0
github.com/vijaynallagatla/vjvector/pkg/batch/test_helpers.go:51.69,53.2 1 0
github.com/vijaynallagatla/vjvector/pkg/batch/test_helpers.go:55.102,57.2 1 0
github.com/vijaynallagatla/vjvector/pkg/batch/test_helpers.go:59.98,61.2 1 0
github.com/vijaynallagatla/vjvector/pkg/batch/test_helpers.go:63.46,65.2 1 0
github.com/vijaynallagatla/vjvector/pkg/batch/test_helpers.go:70.105,72.2 1 0
github.com/vijaynallagatla/vjvector/pkg/batch/test_helpers.go:74.111,76.2 1 0
github.com/vijaynallagatla/vjvector/pkg/batch/test_helpers.go:78.94,80.2 1 0
github.com/vijaynallagatla/vjvector/pkg/batch/test_helpers.go:82.134,84.2 1 0
github.com/vijaynallagatla/vjvector/pkg/batch/test_helpers.go:86.56,88.2 1 0
github.com/vijaynallagatla/vjvector/pkg/batch/test_helpers.go:90.64,92.2 1 0
github.com/vijaynallagatla/vjvector/pkg/batch/test_helpers.go:94.39,96.2 1 0
github.com/vijaynallagatla/vjvector/pkg/batch/test_helpers.go:100.44,102.29 2 4
github.com/vijaynallagatla/vjvector/pkg/batch/test_helpers.go:102.29,104.3 1 220
github.com/vijaynallagatla/vjvector/pkg/batch/test_helpers.go:105.2,105.14 1 4
github.com/vijaynallagatla/vjvector/pkg/batch/test_helpers.go:108.52,110.29 2 3
github.com/vijaynallagatla/vjvector/pkg/batch/test_helpers.go:110.29,121.3 1 80
github.com/vijaynallagatla/vjvector/pkg/batch/test_helpers.go:122.2,122.16 1 3
github.com/vijaynallagatla/vjvector/pkg/batch/test_helpers.go:125.53,127.33 2 81
github.com/vijaynallagatla/vjvector/pkg/batch/test_helpers.go:127.33,129.3 1 10368
github.com/vijaynallagatla/vjvector/pkg/batch/test_helpers.go:130.2,130.18 1 81
github.com/vijaynallagatla/vjvector/pkg/batch/vector_processor.go:37.77,38.34 1 8
github.com/vijaynallagatla/vjvector/pkg/batch/vector_processor.go:38.34,40.3 1 0
github.com/vijaynallagatla/vjvector/pkg/batch/vector_processor.go:41.2,41.30 1 8
github.com/vijaynallagatla/vjvector/pkg/batch/vector_processor.go:41.30,43.3 1 1
github.com/vijaynallagatla/vjvector/pkg/batch/vector_processor.go:44.2,44.36 1 8
github.com/vijaynallagatla/vjvector/pkg/batch/vector_processor.go:44.36,46.3 1 1
github.com/vijaynallagatla/vjvector/pkg/batch/vector_processor.go:47.2,47.32 1 8
github.com/vijaynallagatla/vjvector/pkg/batch/vector_processor.go:47.32,49.3 1 1
github.com/vijaynallagatla/vjvector/pkg/batch/vector_processor.go:50.2,50.29 1 8
github.com/vijaynallagatla/vjvector/pkg/batch/vector_processor.go:50.29,52.3 1 0
github.com/vijaynallagatla/vjvector/pkg/batch/vector_processor.go:54.2,66.18 3 8
github.com/vijaynallagatla/vjvector/pkg/batch/vector_processor.go:70.123,74.48 2 4
github.com/vijaynallagatla/vjvector/pkg/batch/vector_processor.go:74.48,76.3 1 1
github.com/vijaynallagatla/vjvector/pkg/batch/vector_processor.go:79.2,92.16 4 3
github.com/vijaynallagatla/vjvector/pkg/batch/vector_processor.go:92.16,94.3 1 0
github.com/vijaynallagatla/vjvector/pkg/batch/vector_processor.go:97.2,105.43 9 3
github.com/vijaynallagatla/vjvector/pkg/batch/vector_processor.go:105.43,107.3 1 3
github.com/vijaynallagatla/vjvector/pkg/batch/vector_processor.go:108.2,108.33 1 3
github.com/vijaynallagatla/vjvector/pkg/batch/vector_processor.go:108.33,110.3 1 3
github.com/vijaynallagatla/vjvector/pkg/batch/vector_processor.go:113.2,115.22 2 3
github.com/vijaynallagatla/vjvector/pkg/batch/vector_processor.go:119.96,124.13 4 4
github.com/vijaynallagatla/vjvector/pkg/batch/vector_processor.go:124.13,126.3 1 0
github.com/vijaynallagatla/vjvector/pkg/batch/vector_processor.go:129.2,130.32 2 4
github.com/vijaynallagatla/vjvector/pkg/batch/vector_processor.go:130.32,132.3 1 3
github.com/vijaynallagatla/vjvector/pkg/batch/vector_processor.go:135.2,135.26 1 1
github.com/vijaynallagatla/vjvector/pkg/batch/vector_processor.go:135.26,137.3 1 0
github.com/vijaynallagatla/vjvector/pkg/batch/vector_processor.go:139.2,139.20 1 1
github.com/vijaynallagatla/vjvector/pkg/batch/vector_processor.go:143.90,148.13 4 0
github.com/vijaynallagatla/vjvector/pkg/batch/vector_processor.go:148.13,151.3 1 0
github.com/vijaynallagatla/vjvector/pkg/batch/vector_processor.go:154.2,162.22 6 0
github.com/vijaynallagatla/vjvector/pkg/batch/vector_processor.go:166.96,172.36 4 0
github.com/vijaynallagatla/vjvector/pkg/batch/vector_processor.go:172.36,174.3 1 0
github.com/vijaynallagatla/vjvector/pkg/batch/vector_processor.go:175.2,175.15 1 0
github.com/vijaynallagatla/vjvector/pkg/batch/vector_processor.go:179.126,180.23 1 3
github.com/vijaynallagatla/vjvector/pkg/batch/vector_processor.go:181.28,182.41 1 1
github.com/vijaynallagatla/vjvector/pkg/batch/vector_processor.go:183.28,184.41 1 0
github.com/vijaynallagatla/vjvector/pkg/batch/vector_processor.go:185.28,186.41 1 0
github.com/vijaynallagatla/vjvector/pkg/batch/vector_processor.go:187.28,188.41 1 0
github.com/vijaynallagatla/vjvector/pkg/batch/vector_processor.go:189.32,190.45 1 1
github.com/vijaynallagatla/vjvector/pkg/batch/vector_processor.go:191.31,192.44 1 1
github.com/vijaynallagatla/vjvector/pkg/batch/vector_processor.go:193.30,194.43 1 0
github.com/vijaynallagatla/vjvector/pkg/batch/vector_processor.go:195.10,196.74 1 0
github.com/vijaynallagatla/vjvector/pkg/batch/vector_processor.go:201.128,212.34 7 1
github.com/vijaynallagatla/vjvector/pkg/batch/vector_processor.go:212.34,217.37 4 1
github.com/vijaynallagatla/vjvector/pkg/batch/vector_processor.go:217.37,220.33 2 1
github.com/vijaynallagatla/vjvector/pkg/batch/vector_processor.go:220.33,223.22 2 10
github.com/vijaynallagatla/vjvector/pkg/batch/vector_processor.go:223.22,231.14 4 0
github.com/vijaynallagatla/vjvector/pkg/batch/vector_processor.go:235.5,235.35 1 10
github.com/vijaynallagatla/vjvector/pkg/batch/vector_processor.go:235.35,243.14 4 0
github.com/vijaynallagatla/vjvector/pkg/batch/vector_processor.go:246.5,246.27 1 10
github.com/vijaynallagatla/vjvector/pkg/batch/vector_processor.go:251.2,252.29 2 1
github.com/vijaynallagatla/vjvector/pkg/batch/vector_processor.go:256.128,261.37 3 0
github.com/vijaynallagatla/vjvector/pkg/batch/vector_processor.go:261.37,262.20 1 0
github.com/vijaynallagatla/vjvector/pkg/batch/vector_processor.go:262.20,268.12 2 0
github.com/vijaynallagatla/vjvector/pkg/batch/vector_processor.go:272.3,272.20 1 0
github.com/vijaynallagatla/vjvector/pkg/batch/vector_processor.go:275.2,275.29 1 0
github.com/vijaynallagatla/vjvector/pkg/batch/vector_processor.go:279.128,284.37 3 0
github.com/vijaynallagatla/vjvector/pkg/batch/vector_processor.go:284.37,285.39 1 0
github.com/vijaynallagatla/vjvector/pkg/batch/vector_processor.go:285.39,291.12 2 0
github.com/vijaynallagatla/vjvector/pkg/batch/vector_processor.go:295.3,295.20 1 0
github.com/vijaynallagatla/vjvector/pkg/batch/vector_processor.go:298.2,298.29 1 0
github.com/vijaynallagatla/vjvector/pkg/batch/vector_processor.go:302.128,303.31 1 0
github.com/vijaynallagatla/vjvector/pkg/batch/vector_processor.go:303.31,305.3 1 0
github.com/vijaynallagatla/vjvector/pkg/batch/vector_processor.go:308.2,309.37 2 0
github.com/vijaynallagatla/vjvector/pkg/batch/vector_processor.go:309.37,310.20 1 0
github.com/vijaynallagatla/vjvector/pkg/batch/vector_processor.go:310.20,312.4 1 0
github.com/vijaynallagatla/vjvector/pkg/batch/vector_processor.go:316.2,317.47 2 0
github.com/vijaynallagatla/vjvector/pkg/batch/vector_processor.go:317.47,319.3 1 0
github.com/vijaynallagatla/vjvector/pkg/batch/vector_processor.go:321.2,325.39 3 0
github.com/vijaynallagatla/vjvector/pkg/batch/vector_processor.go:325.39,326.74 1 0
github.com/vijaynallagatla/vjvector/pkg/batch/vector_processor.go:326.74,332.4 1 0
github.com/vijaynallagatla/vjvector/pkg/batch/vector_processor.go:335.2,335.37 1 0
github.com/vijaynallagatla/vjvector/pkg/batch/vector_processor.go:339.132,340.31 1 1
github.com/vijaynallagatla/vjvector/pkg/batch/vector_processor.go:340.31,342.3 1 0
github.com/vijaynallagatla/vjvector/pkg/batch/vector_processor.go:345.2,348.37 3 1
github.com/vijaynallagatla/vjvector/pkg/batch/vector_processor.go:348.37,349.50 1 50
github.com/vijaynallagatla/vjvector/pkg/batch/vector_processor.go:349.50,355.12 2 0
github.com/vijaynallagatla/vjvector/pkg/batch/vector_processor.go:357.3,357.35 1 50
github.com/vijaynallagatla/vjvector/pkg/batch/vector_processor.go:361.2,362.30 2 1
github.com/vijaynallagatla/vjvector/pkg/batch/vector_processor.go:362.30,364.3 1 50
github.com/vijaynallagatla/vjvector/pkg/batch/vector_processor.go:366.2,368.34 2 1
github.com/vijaynallagatla/vjvector/pkg/batch/vector_processor.go:372.131,377.37 3 1
github.com/vijaynallagatla/vjvector/pkg/batch/vector_processor.go:377.37,378.50 1 20
github.com/vijaynallagatla/vjvector/pkg/batch/vector_processor.go:378.50,384.12 2 0
github.com/vijaynallagatla/vjvector/pkg/batch/vector_processor.go:386.3,386.35 1 20
github.com/vijaynallagatla/vjvector/pkg/batch/vector_processor.go:390.2,394.37 3 1
github.com/vijaynallagatla/vjvector/pkg/batch/vector_processor.go:394.37,395.53 1 20
github.com/vijaynallagatla/vjvector/pkg/batch/vector_processor.go:395.53,403.4 6 20
github.com/vijaynallagatla/vjvector/pkg/batch/vector_processor.go:406.2,406.29 1 1
github.com/vijaynallagatla/vjvector/pkg/batch/vector_processor.go:410.130,411.31 1 0
github.com/vijaynallagatla/vjvector/pkg/batch/vector_processor.go:411.31,413.3 1 0
github.com/vijaynallagatla/vjvector/pkg/batch/vector_processor.go:416.2,419.37 3 0
github.com/vijaynallagatla/vjvector/pkg/batch/vector_processor.go:419.37,420.50 1 0
github.com/vijaynallagatla/vjvector/pkg/batch/vector_processor.go:420.50,426.12 2 0
github.com/vijaynallagatla/vjvector/pkg/batch/vector_processor.go:428.3,428.35 1 0
github.com/vijaynallagatla/vjvector/pkg/batch/vector_processor.go:432.2,433.30 2 0
github.com/vijaynallagatla/vjvector/pkg/batch/vector_processor.go:433.30,435.3 1 0
github.com/vijaynallagatla/vjvector/pkg/batch/vector_processor.go:437.2,439.31 2 0
github.com/vijaynallagatla/vjvector/pkg/batch/vector_processor.go:443.75,444.16 1 4
github.com/vijaynallagatla/vjvector/pkg/batch/vector_processor.go:444.16,446.3 1 0
github.com/vijaynallagatla/vjvector/pkg/batch/vector_processor.go:447.2,447.27 1 4
github.com/vijaynallagatla/vjvector/pkg/batch/vector_processor.go:447.27,449.3 1 1
github.com/vijaynallagatla/vjvector/pkg/batch/vector_processor.go:450.2,450.47 1 3
github.com/vijaynallagatla/vjvector/pkg/batch/vector_processor.go:450.47,452.3 1 0
github.com/vijaynallagatla/vjvector/pkg/batch/vector_processor.go:453.2,453.54 1 3
github.com/vijaynallagatla/vjvector/pkg/batch/vector_processor.go:453.54,455.3 1 0
github.com/vijaynallagatla/vjvector/pkg/batch/vector_processor.go:456.2,456.12 1 3
github.com/vijaynallagatla/vjvector/pkg/batch/vector_processor.go:460.67,461.24 1 3
github.com/vijaynallagatla/vjvector/pkg/batch/vector_processor.go:461.24,463.3 1 0
github.com/vijaynallagatla/vjvector/pkg/batch/vector_processor.go:464.2,464.28 1 3
github.com/vijaynallagatla/vjvector/pkg/batch/vector_processor.go:464.28,466.3 1 0
github.com/vijaynallagatla/vjvector/pkg/batch/vector_processor.go:467.2,467.22 1 3
github.com/vijaynallagatla/vjvector/pkg/batch/vector_processor.go:467.22,469.3 1 0
github.com/vijaynallagatla/vjvector/pkg/batch/vector_processor.go:473.62,550.2 7 8
github.com/vijaynallagatla/vjvector/pkg/batch/vector_processor.go:553.103,565.13 3 0
github.com/vijaynallagatla/vjvector/pkg/batch/vector_processor.go:565.13,567.3 1 0
github.com/vijaynallagatla/vjvector/pkg/batch/vector_processor.go:570.2,573.22 3 0
github.com/vijaynallagatla/vjvector/pkg/batch/vector_processor.go:577.102,583.2 5 3
github.com/vijaynallagatla/vjvector/pkg/batch/vector_processor.go:586.61,595.50 2 0
github.com/vijaynallagatla/vjvector/pkg/batch/vector_processor.go:595.50,597.3 1 0
github.com/vijaynallagatla/vjvector/pkg/batch/vector_processor.go:598.2,598.14 1 0
github.com/vijaynallagatla/vjvector/pkg/embedding/cache.go:25.50,26.21 1 6
github.com/vijaynallagatla/vjvector/pkg/embedding/cache.go:26.21,28.3 1 0
github.com/vijaynallagatla/vjvector/pkg/embedding/cache.go:30.2,30.21 1 6
github.com/vijaynallagatla/vjvector/pkg/embedding/cache.go:31.16,32.37 1 6
github.com/vijaynallagatla/vjvector/pkg/embedding/cache.go:33.10,34.37 1 0
github.com/vijaynallagatla/vjvector/pkg/embedding/cache.go:39.54,53.2 3 6
github.com/vijaynallagatla/vjvector/pkg/embedding/cache.go:56.59,61.13 4 15
github.com/vijaynallagatla/vjvector/pkg/embedding/cache.go:61.13,64.3 2 12
github.com/vijaynallagatla/vjvector/pkg/embedding/cache.go:67.2,67.39 1 3
github.com/vijaynallagatla/vjvector/pkg/embedding/cache.go:67.39,76.3 8 1
github.com/vijaynallagatla/vjvector/pkg/embedding/cache.go:78.2,79.31 2 2
github.com/vijaynallagatla/vjvector/pkg/embedding/cache.go:83.88,91.50 4 13
github.com/vijaynallagatla/vjvector/pkg/embedding/cache.go:91.50,93.3 1 0
github.com/vijaynallagatla/vjvector/pkg/embedding/cache.go:95.2,95.63 1 13
github.com/vijaynallagatla/vjvector/pkg/embedding/cache.go:95.63,97.3 1 0
github.com/vijaynallagatla/vjvector/pkg/embedding/cache.go:99.2,109.12 5 13
github.com/vijaynallagatla/vjvector/pkg/embedding/cache.go:113.48,117.42 3 0
github.com/vijaynallagatla/vjvector/pkg/embedding/cache.go:117.42,121.3 3 0
github.com/vijaynallagatla/vjvector/pkg/embedding/cache.go:123.2,123.12 1 0
github.com/vijaynallagatla/vjvector/pkg/embedding/cache.go:127.37,136.2 6 0
github.com/vijaynallagatla/vjvector/pkg/embedding/cache.go:139.42,144.20 4 0
github.com/vijaynallagatla/vjvector/pkg/embedding/cache.go:144.20,146.3 1 0
github.com/vijaynallagatla/vjvector/pkg/embedding/cache.go:148.2,148.14 1 0
github.com/vijaynallagatla/vjvector/pkg/embedding/cache.go:152.37,158.2 4 6
github.com/vijaynallagatla/vjvector/pkg/embedding/cache.go:161.37,165.33 3 0
github.com/vijaynallagatla/vjvector/pkg/embedding/cache.go:165.33,166.60 1 0
github.com/vijaynallagatla/vjvector/pkg/embedding/cache.go:166.60,169.4 2 0
github.com/vijaynallagatla/vjvector/pkg/embedding/cache.go:172.2,172.21 1 0
github.com/vijaynallagatla/vjvector/pkg/embedding/cache.go:172.21,173.49 1 0
github.com/vijaynallagatla/vjvector/pkg/embedding/cache.go:173.49,177.4 3 0
github.com/vijaynallagatla/vjvector/pkg/embedding/cache.go:182.33,186.21 3 6
github.com/vijaynallagatla/vjvector/pkg/embedding/cache.go:186.21,189.34 3 0
github.com/vijaynallagatla/vjvector/pkg/embedding/cache.go:189.34,190.34 1 0
github.com/vijaynallagatla/vjvector/pkg/embedding/cache.go:190.34,194.5 3 0
github.com/vijaynallagatla/vjvector/pkg/embedding/cache.go:196.3,196.16 1 0
github.com/vijaynallagatla/vjvector/pkg/embedding/cache.go:203.86,203.107 1 0
github.com/vijaynallagatla/vjvector/pkg/embedding/cache.go:204.86,204.100 1 0
github.com/vijaynallagatla/vjvector/pkg/embedding/cache.go:205.86,205.100 1 0
github.com/vijaynallagatla/vjvector/pkg/embedding/cache.go:206.86,206.100 1 0
github.com/vijaynallagatla/vjvector/pkg/embedding/cache.go:207.86,207.109 1 0
github.com/vijaynallagatla/vjvector/pkg/embedding/cache.go:208.86,208.100 1 0
github.com/vijaynallagatla/vjvector/pkg/embedding/model_manager.go:67.63,68.32 1 15
github.com/vijaynallagatla/vjvector/pkg/embedding/model_manager.go:68.32,70.3 1 13
github.com/vijaynallagatla/vjvector/pkg/embedding/model_manager.go:71.2,71.27 1 15
github.com/vijaynallagatla/vjvector/pkg/embedding/model_manager.go:71.27,73.3 1 13
github.com/vijaynallagatla/vjvector/pkg/embedding/model_manager.go:74.2,74.33 1 15
github.com/vijaynallagatla/vjvector/pkg/embedding/model_manager.go:74.33,76.3 1 13
github.com/vijaynallagatla/vjvector/pkg/embedding/model_manager.go:77.2,77.35 1 15
github.com/vijaynallagatla/vjvector/pkg/embedding/model_manager.go:77.35,79.3 1 13
github.com/vijaynallagatla/vjvector/pkg/embedding/model_manager.go:81.2,91.16 3 15
github.com/vijaynallagatla/vjvector/pkg/embedding/model_manager.go:95.65,99.20 3 22
github.com/vijaynallagatla/vjvector/pkg/embedding/model_manager.go:99.20,101.3 1 1
github.com/vijaynallagatla/vjvector/pkg/embedding/model_manager.go:103.2,103.45 1 21
github.com/vijaynallagatla/vjvector/pkg/embedding/model_manager.go:103.45,105.3 1 1
github.com/vijaynallagatla/vjvector/pkg/embedding/model_manager.go:108.2,108.30 1 20
github.com/vijaynallagatla/vjvector/pkg/embedding/model_manager.go:108.30,110.3 1 20
github.com/vijaynallagatla/vjvector/pkg/embedding/model_manager.go:111.2,111.30 1 20
github.com/vijaynallagatla/vjvector/pkg/embedding/model_manager.go:111.30,113.3 1 20
github.com/vijaynallagatla/vjvector/pkg/embedding/model_manager.go:114.2,114.24 1 20
github.com/vijaynallagatla/vjvector/pkg/embedding/model_manager.go:114.24,116.3 1 18
github.com/vijaynallagatla/vjvector/pkg/embedding/model_manager.go:117.2,117.27 1 20
github.com/vijaynallagatla/vjvector/pkg/embedding/model_manager.go:117.27,119.3 1 20
github.com/vijaynallagatla/vjvector/pkg/embedding/model_manager.go:121.2,123.12 3 20
github.com/vijaynallagatla/vjvector/pkg/embedding/model_manager.go:127.66,133.2 4 9
github.com/vijaynallagatla/vjvector/pkg/embedding/model_manager.go:136.53,141.33 4 3
github.com/vijaynallagatla/vjvector/pkg/embedding/model_manager.go:141.33,143.3 1 12
github.com/vijaynallagatla/vjvector/pkg/embedding/model_manager.go:144.2,144.15 1 3
github.com/vijaynallagatla/vjvector/pkg/embedding/model_manager.go:148.85,153.13 4 3
github.com/vijaynallagatla/vjvector/pkg/embedding/model_manager.go:153.13,155.3 1 1
github.com/vijaynallagatla/vjvector/pkg/embedding/model_manager.go:158.2,158.34 1 2
github.com/vijaynallagatla/vjvector/pkg/embedding/model_manager.go:158.34,159.14 1 4
github.com/vijaynallagatla/vjvector/pkg/embedding/model_manager.go:160.15,161.38 1 1
github.com/vijaynallagatla/vjvector/pkg/embedding/model_manager.go:161.38,163.5 1 1
github.com/vijaynallagatla/vjvector/pkg/embedding/model_manager.go:164.18,165.41 1 1
github.com/vijaynallagatla/vjvector/pkg/embedding/model_manager.go:165.41,167.5 1 1
github.com/vijaynallagatla/vjvector/pkg/embedding/model_manager.go:168.17,169.45 1 2
github.com/vijaynallagatla/vjvector/pkg/embedding/model_manager.go:169.45,171.5 1 2
github.com/vijaynallagatla/vjvector/pkg/embedding/model_manager.go:172.19,173.58 1 0
github.com/vijaynallagatla/vjvector/pkg/embedding/model_manager.go:173.58,175.5 1 0
github.com/vijaynallagatla/vjvector/pkg/embedding/model_manager.go:179.2,181.12 3 2
github.com/vijaynallagatla/vjvector/pkg/embedding/model_manager.go:185.53,189.40 3 3
github.com/vijaynallagatla/vjvector/pkg/embedding/model_manager.go:189.40,191.3 1 1
github.com/vijaynallagatla/vjvector/pkg/embedding/model_manager.go:193.2,195.12 3 2
github.com/vijaynallagatla/vjvector/pkg/embedding/model_manager.go:199.66,204.44 4 6
github.com/vijaynallagatla/vjvector/pkg/embedding/model_manager.go:204.44,206.3 1 1
github.com/vijaynallagatla/vjvector/pkg/embedding/model_manager.go:208.2,210.12 3 5
github.com/vijaynallagatla/vjvector/pkg/embedding/model_manager.go:214.66,220.2 4 2
github.com/vijaynallagatla/vjvector/pkg/embedding/model_manager.go:223.51,228.39 4 2
github.com/vijaynallagatla/vjvector/pkg/embedding/model_manager.go:228.39,230.3 1 2
github.com/vijaynallagatla/vjvector/pkg/embedding/model_manager.go:231.2,231.18 1 2
github.com/vijaynallagatla/vjvector/pkg/embedding/model_manager.go:235.99,240.13 4 4
github.com/vijaynallagatla/vjvector/pkg/embedding/model_manager.go:240.13,242.3 1 1
github.com/vijaynallagatla/vjvector/pkg/embedding/model_manager.go:244.2,249.12 5 3
github.com/vijaynallagatla/vjvector/pkg/embedding/model_manager.go:253.63,265.33 4 2
github.com/vijaynallagatla/vjvector/pkg/embedding/model_manager.go:265.33,276.3 5 2
github.com/vijaynallagatla/vjvector/pkg/embedding/model_manager.go:278.2,278.14 1 2
github.com/vijaynallagatla/vjvector/pkg/embedding/model_manager.go:282.47,284.12 1 15
github.com/vijaynallagatla/vjvector/pkg/embedding/model_manager.go:284.12,288.22 3 15
github.com/vijaynallagatla/vjvector/pkg/embedding/model_manager.go:288.22,289.27 1 0
github.com/vijaynallagatla/vjvector/pkg/embedding/model_manager.go:289.27,291.5 1 0
github.com/vijaynallagatla/vjvector/pkg/embedding/model_manager.go:296.2,296.12 1 15
github.com/vijaynallagatla/vjvector/pkg/embedding/model_manager.go:296.12,300.22 3 15
github.com/vijaynallagatla/vjvector/pkg/embedding/model_manager.go:300.22,302.4 1 0
github.com/vijaynallagatla/vjvector/pkg/embedding/model_manager.go:306.2,306.12 1 15
github.com/vijaynallagatla/vjvector/pkg/embedding/model_manager.go:306.12,310.22 3 15
github.com/vijaynallagatla/vjvector/pkg/embedding/model_manager.go:310.22,312.4 1 0
github.com/vijaynallagatla/vjvector/pkg/embedding/model_manager.go:317.42,324.2 1 0
github.com/vijaynallagatla/vjvector/pkg/embedding/model_manager.go:327.43,334.2 1 0
github.com/vijaynallagatla/vjvector/pkg/embedding/model_manager.go:337.51,344.2 1 0
github.com/vijaynallagatla/vjvector/pkg/embedding/model_manager.go:347.38,355.2 2 0
github.com/vijaynallagatla/vjvector/pkg/embedding/rate_limiter.go:20.58,27.2 2 6
github.com/vijaynallagatla/vjvector/pkg/embedding/rate_limiter.go:30.79,31.24 1 21
github.com/vijaynallagatla/vjvector/pkg/embedding/rate_limiter.go:31.24,33.3 1 13
github.com/vijaynallagatla/vjvector/pkg/embedding/rate_limiter.go:35.2,39.13 4 8
github.com/vijaynallagatla/vjvector/pkg/embedding/rate_limiter.go:39.13,45.3 4 2
github.com/vijaynallagatla/vjvector/pkg/embedding/rate_limiter.go:48.2,49.29 2 8
github.com/vijaynallagatla/vjvector/pkg/embedding/rate_limiter.go:49.29,51.22 2 10
github.com/vijaynallagatla/vjvector/pkg/embedding/rate_limiter.go:51.22,53.4 1 0
github.com/vijaynallagatla/vjvector/pkg/embedding/rate_limiter.go:57.2,57.46 1 8
github.com/vijaynallagatla/vjvector/pkg/embedding/rate_limiter.go:57.46,59.3 1 0
github.com/vijaynallagatla/vjvector/pkg/embedding/rate_limiter.go:61.2,61.12 1 8
github.com/vijaynallagatla/vjvector/pkg/embedding/rate_limiter.go:65.86,69.22 3 2
github.com/vijaynallagatla/vjvector/pkg/embedding/rate_limiter.go:70.26,72.62 2 2
github.com/vijaynallagatla/vjvector/pkg/embedding/rate_limiter.go:73.25,75.28 2 0
github.com/vijaynallagatla/vjvector/pkg/embedding/rate_limiter.go:76.40,78.27 2 0
github.com/vijaynallagatla/vjvector/pkg/embedding/rate_limiter.go:79.10,81.27 2 0
github.com/vijaynallagatla/vjvector/pkg/embedding/rate_limiter.go:85.2,86.41 2 2
github.com/vijaynallagatla/vjvector/pkg/embedding/rate_limiter.go:86.41,88.3 1 0
github.com/vijaynallagatla/vjvector/pkg/embedding/rate_limiter.go:91.2,91.69 1 2
github.com/vijaynallagatla/vjvector/pkg/embedding/rate_limiter.go:95.113,101.41 4 0
github.com/vijaynallagatla/vjvector/pkg/embedding/rate_limiter.go:101.41,103.3 1 0
github.com/vijaynallagatla/vjvector/pkg/embedding/rate_limiter.go:105.2,106.37 2 0
github.com/vijaynallagatla/vjvector/pkg/embedding/rate_limiter.go:110.114,115.13 4 0
github.com/vijaynallagatla/vjvector/pkg/embedding/rate_limiter.go:115.13,117.3 1 0
github.com/vijaynallagatla/vjvector/pkg/embedding/rate_limiter.go:119.2,120.21 2 0
github.com/vijaynallagatla/vjvector/pkg/embedding/rate_limiter.go:124.32,129.2 3 0
github.com/vijaynallagatla/vjvector/pkg/embedding/rate_limiter.go:132.99,133.24 1 0
github.com/vijaynallagatla/vjvector/pkg/embedding/rate_limiter.go:133.24,135.3 1 0
github.com/vijaynallagatla/vjvector/pkg/embedding/rate_limiter.go:137.2,141.13 4 0
github.com/vijaynallagatla/vjvector/pkg/embedding/rate_limiter.go:141.13,146.3 4 0
github.com/vijaynallagatla/vjvector/pkg/embedding/rate_limiter.go:149.2,150.29 2 0
github.com/vijaynallagatla/vjvector/pkg/embedding/rate_limiter.go:150.29,152.22 2 0
github.com/vijaynallagatla/vjvector/pkg/embedding/rate_limiter.go:152.22,154.4 1 0
github.com/vijaynallagatla/vjvector/pkg/embedding/rate_limiter.go:158.2,158.40 1 0
github.com/vijaynallagatla/vjvector/pkg/embedding/retry.go:15.56,16.21 1 6
github.com/vijaynallagatla/vjvector/pkg/embedding/retry.go:16.21,18.3 1 4
github.com/vijaynallagatla/vjvector/pkg/embedding/retry.go:20.2,24.11 2 6
github.com/vijaynallagatla/vjvector/pkg/embedding/retry.go:28.51,29.53 1 21
github.com/vijaynallagatla/vjvector/pkg/embedding/retry.go:29.53,31.3 1 17
github.com/vijaynallagatla/vjvector/pkg/embedding/retry.go:33.2,36.63 3 4
github.com/vijaynallagatla/vjvector/pkg/embedding/retry.go:36.63,37.30 1 4
github.com/vijaynallagatla/vjvector/pkg/embedding/retry.go:37.30,39.4 1 4
github.com/vijaynallagatla/vjvector/pkg/embedding/retry.go:39.9,41.4 1 0
github.com/vijaynallagatla/vjvector/pkg/embedding/retry.go:44.3,44.38 1 0
github.com/vijaynallagatla/vjvector/pkg/embedding/retry.go:44.38,45.9 1 0
github.com/vijaynallagatla/vjvector/pkg/embedding/retry.go:49.3,50.37 2 0
github.com/vijaynallagatla/vjvector/pkg/embedding/retry.go:50.37,52.4 1 0
github.com/vijaynallagatla/vjvector/pkg/embedding/retry.go:55.3,56.20 2 0
github.com/vijaynallagatla/vjvector/pkg/embedding/retry.go:59.2,59.16 1 0
github.com/vijaynallagatla/vjvector/pkg/embedding/retry.go:63.83,64.53 1 0
github.com/vijaynallagatla/vjvector/pkg/embedding/retry.go:64.53,66.3 1 0
github.com/vijaynallagatla/vjvector/pkg/embedding/retry.go:68.2,71.63 3 0
github.com/vijaynallagatla/vjvector/pkg/embedding/retry.go:71.63,73.10 1 0
github.com/vijaynallagatla/vjvector/pkg/embedding/retry.go:74.21,75.20 1 0
github.com/vijaynallagatla/vjvector/pkg/embedding/retry.go:76.11,76.11 0 0
github.com/vijaynallagatla/vjvector/pkg/embedding/retry.go:79.3,79.30 1 0
github.com/vijaynallagatla/vjvector/pkg/embedding/retry.go:79.30,81.4 1 0
github.com/vijaynallagatla/vjvector/pkg/embedding/retry.go:81.9,83.4 1 0
github.com/vijaynallagatla/vjvector/pkg/embedding/retry.go:86.3,86.38 1 0
github.com/vijaynallagatla/vjvector/pkg/embedding/retry.go:86.38,87.9 1 0
github.com/vijaynallagatla/vjvector/pkg/embedding/retry.go:91.3,92.37 2 0
github.com/vijaynallagatla/vjvector/pkg/embedding/retry.go:92.37,94.4 1 0
github.com/vijaynallagatla/vjvector/pkg/embedding/retry.go:97.3,97.10 1 0
github.com/vijaynallagatla/vjvector/pkg/embedding/retry.go:98.28,99.21 1 0
github.com/vijaynallagatla/vjvector/pkg/embedding/retry.go:100.21,101.20 1 0
github.com/vijaynallagatla/vjvector/pkg/embedding/retry.go:105.2,105.16 1 0
github.com/vijaynallagatla/vjvector/pkg/embedding/retry.go:109.69,110.18 1 0
github.com/vijaynallagatla/vjvector/pkg/embedding/retry.go:110.18,112.3 1 0
github.com/vijaynallagatla/vjvector/pkg/embedding/retry.go:115.2,122.32 5 0
github.com/vijaynallagatla/vjvector/pkg/embedding/retry.go:122.32,124.3 1 0
github.com/vijaynallagatla/vjvector/pkg/embedding/retry.go:126.2,126.14 1 0
github.com/vijaynallagatla/vjvector/pkg/embedding/retry.go:130.58,131.16 1 0
github.com/vijaynallagatla/vjvector/pkg/embedding/retry.go:131.16,133.3 1 0
github.com/vijaynallagatla/vjvector/pkg/embedding/retry.go:138.2,142.70 2 0
github.com/vijaynallagatla/vjvector/pkg/embedding/retry.go:142.70,144.3 1 0
github.com/vijaynallagatla/vjvector/pkg/embedding/retry.go:147.2,147.81 1 0
github.com/vijaynallagatla/vjvector/pkg/embedding/retry.go:147.81,149.3 1 0
github.com/vijaynallagatla/vjvector/pkg/embedding/retry.go:152.2,152.94 1 0
github.com/vijaynallagatla/vjvector/pkg/embedding/retry.go:152.94,154.3 1 0
github.com/vijaynallagatla/vjvector/pkg/embedding/retry.go:156.2,156.14 1 0
github.com/vijaynallagatla/vjvector/pkg/embedding/retry.go:160.38,166.2 1 0
github.com/vijaynallagatla/vjvector/pkg/embedding/service.go:25.50,26.19 1 6
github.com/vijaynallagatla/vjvector/pkg/embedding/service.go:26.19,34.3 1 0
github.com/vijaynallagatla/vjvector/pkg/embedding/service.go:37.2,38.26 2 6
github.com/vijaynallagatla/vjvector/pkg/embedding/service.go:38.26,41.17 3 6
github.com/vijaynallagatla/vjvector/pkg/embedding/service.go:41.17,43.4 1 0
github.com/vijaynallagatla/vjvector/pkg/embedding/service.go:44.8,46.3 1 0
github.com/vijaynallagatla/vjvector/pkg/embedding/service.go:49.2,64.15 4 6
github.com/vijaynallagatla/vjvector/pkg/embedding/service.go:68.110,70.24 1 23
github.com/vijaynallagatla/vjvector/pkg/embedding/service.go:70.24,71.52 1 15
github.com/vijaynallagatla/vjvector/pkg/embedding/service.go:71.52,80.4 2 2
github.com/vijaynallagatla/vjvector/pkg/embedding/service.go:84.2,85.24 2 21
github.com/vijaynallagatla/vjvector/pkg/embedding/service.go:85.24,87.3 1 0
github.com/vijaynallagatla/vjvector/pkg/embedding/service.go:90.2,91.43 2 21
github.com/vijaynallagatla/vjvector/pkg/embedding/service.go:91.43,93.55 1 1
github.com/vijaynallagatla/vjvector/pkg/embedding/service.go:93.55,94.36 1 1
github.com/vijaynallagatla/vjvector/pkg/embedding/service.go:94.36,95.13 1 0
github.com/vijaynallagatla/vjvector/pkg/embedding/service.go:97.4,99.18 3 1
github.com/vijaynallagatla/vjvector/pkg/embedding/service.go:99.18,100.10 1 1
github.com/vijaynallagatla/vjvector/pkg/embedding/service.go:105.2,105.16 1 21
github.com/vijaynallagatla/vjvector/pkg/embedding/service.go:105.16,107.3 1 0
github.com/vijaynallagatla/vjvector/pkg/embedding/service.go:110.2,110.24 1 21
github.com/vijaynallagatla/vjvector/pkg/embedding/service.go:110.24,111.92 1 13
github.com/vijaynallagatla/vjvector/pkg/embedding/service.go:111.92,113.4 1 0
github.com/vijaynallagatla/vjvector/pkg/embedding/service.go:117.2,119.22 2 21
github.com/vijaynallagatla/vjvector/pkg/embedding/service.go:123.149,125.2 1 0
github.com/vijaynallagatla/vjvector/pkg/embedding/service.go:128.139,133.13 4 22
github.com/vijaynallagatla/vjvector/pkg/embedding/service.go:133.13,135.3 1 1
github.com/vijaynallagatla/vjvector/pkg/embedding/service.go:138.2,138.69 1 21
github.com/vijaynallagatla/vjvector/pkg/embedding/service.go:138.69,140.3 1 0
github.com/vijaynallagatla/vjvector/pkg/embedding/service.go:143.2,143.21 1 21
github.com/vijaynallagatla/vjvector/pkg/embedding/service.go:143.21,147.3 3 0
github.com/vijaynallagatla/vjvector/pkg/embedding/service.go:150.2,151.40 2 21
github.com/vijaynallagatla/vjvector/pkg/embedding/service.go:151.40,155.17 4 21
github.com/vijaynallagatla/vjvector/pkg/embedding/service.go:155.17,157.4 1 0
github.com/vijaynallagatla/vjvector/pkg/embedding/service.go:158.3,159.13 2 21
github.com/vijaynallagatla/vjvector/pkg/embedding/service.go:162.2,162.16 1 21
github.com/vijaynallagatla/vjvector/pkg/embedding/service.go:162.16,164.3 1 0
github.com/vijaynallagatla/vjvector/pkg/embedding/service.go:166.2,167.22 2 21
github.com/vijaynallagatla/vjvector/pkg/embedding/service.go:171.61,176.52 4 8
github.com/vijaynallagatla/vjvector/pkg/embedding/service.go:176.52,178.3 1 1
github.com/vijaynallagatla/vjvector/pkg/embedding/service.go:180.2,187.12 4 7
github.com/vijaynallagatla/vjvector/pkg/embedding/service.go:191.76,196.13 4 2
github.com/vijaynallagatla/vjvector/pkg/embedding/service.go:196.13,198.3 1 1
github.com/vijaynallagatla/vjvector/pkg/embedding/service.go:200.2,200.22 1 1
github.com/vijaynallagatla/vjvector/pkg/embedding/service.go:204.46,209.39 4 4
github.com/vijaynallagatla/vjvector/pkg/embedding/service.go:209.39,211.3 1 5
github.com/vijaynallagatla/vjvector/pkg/embedding/service.go:213.2,213.18 1 4
github.com/vijaynallagatla/vjvector/pkg/embedding/service.go:217.69,222.50 4 2
github.com/vijaynallagatla/vjvector/pkg/embedding/service.go:222.50,224.3 1 3
github.com/vijaynallagatla/vjvector/pkg/embedding/service.go:226.2,226.14 1 2
github.com/vijaynallagatla/vjvector/pkg/embedding/service.go:230.75,233.32 3 1
github.com/vijaynallagatla/vjvector/pkg/embedding/service.go:233.32,235.3 1 1
github.com/vijaynallagatla/vjvector/pkg/embedding/service.go:236.2,242.48 5 1
github.com/vijaynallagatla/vjvector/pkg/embedding/service.go:242.48,244.40 2 1
github.com/vijaynallagatla/vjvector/pkg/embedding/service.go:244.40,250.4 5 1
github.com/vijaynallagatla/vjvector/pkg/embedding/service.go:253.2,254.16 2 1
github.com/vijaynallagatla/vjvector/pkg/embedding/service.go:258.33,263.39 4 6
github.com/vijaynallagatla/vjvector/pkg/embedding/service.go:263.39,264.42 1 7
github.com/vijaynallagatla/vjvector/pkg/embedding/service.go:264.42,267.4 2 0
github.com/vijaynallagatla/vjvector/pkg/embedding/service.go:270.2,270.40 1 6
github.com/vijaynallagatla/vjvector/pkg/embedding/service.go:270.40,273.3 2 0
github.com/vijaynallagatla/vjvector/pkg/embedding/service.go:275.2,275.16 1 6
github.com/vijaynallagatla/vjvector/pkg/embedding/service.go:279.87,284.13 4 21
github.com/vijaynallagatla/vjvector/pkg/embedding/service.go:284.13,289.3 2 1
github.com/vijaynallagatla/vjvector/pkg/embedding/service.go:291.2,296.23 5 21
github.com/vijaynallagatla/vjvector/pkg/embedding/service.go:296.23,298.3 1 0
github.com/vijaynallagatla/vjvector/pkg/embedding/service.go:298.8,300.3 1 21
github.com/vijaynallagatla/vjvector/pkg/embedding/service.go:302.2,302.27 1 21
github.com/vijaynallagatla/vjvector/pkg/embedding/service.go:302.27,304.3 1 0
github.com/vijaynallagatla/vjvector/pkg/embedding/service.go:307.2,307.31 1 21
github.com/vijaynallagatla/vjvector/pkg/embedding/service.go:307.31,309.3 1 6
github.com/vijaynallagatla/vjvector/pkg/embedding/service.go:309.8,311.3 1 15
github.com/vijaynallagatla/vjvector/pkg/index/hnsw.go:37.60,38.51 1 6
github.com/vijaynallagatla/vjvector/pkg/index/hnsw.go:38.51,40.3 1 0
github.com/vijaynallagatla/vjvector/pkg/index/hnsw.go:42.2,50.30 2 6
github.com/vijaynallagatla/vjvector/pkg/index/hnsw.go:50.30,52.3 1 36
github.com/vijaynallagatla/vjvector/pkg/index/hnsw.go:54.2,54.19 1 6
github.com/vijaynallagatla/vjvector/pkg/index/hnsw.go:58.55,62.44 3 6
github.com/vijaynallagatla/vjvector/pkg/index/hnsw.go:62.44,64.3 1 0
github.com/vijaynallagatla/vjvector/pkg/index/hnsw.go:67.2,67.49 1 6
github.com/vijaynallagatla/vjvector/pkg/index/hnsw.go:67.49,69.3 1 0
github.com/vijaynallagatla/vjvector/pkg/index/hnsw.go:72.2,83.47 3 6
github.com/vijaynallagatla/vjvector/pkg/index/hnsw.go:83.47,85.3 1 12
github.com/vijaynallagatla/vjvector/pkg/index/hnsw.go:88.2,88.25 1 6
github.com/vijaynallagatla/vjvector/pkg/index/hnsw.go:88.25,90.3 1 3
github.com/vijaynallagatla/vjvector/pkg/index/hnsw.go:90.8,92.46 1 3
github.com/vijaynallagatla/vjvector/pkg/index/hnsw.go:92.46,94.4 1 0
github.com/vijaynallagatla/vjvector/pkg/index/hnsw.go:98.2,100.12 2 6
github.com/vijaynallagatla/vjvector/pkg/index/hnsw.go:104.87,106.2 1 1
github.com/vijaynallagatla/vjvector/pkg/index/hnsw.go:109.117,113.25 3 1
github.com/vijaynallagatla/vjvector/pkg/index/hnsw.go:113.25,115.3 1 0
github.com/vijaynallagatla/vjvector/pkg/index/hnsw.go:117.2,117.38 1 1
github.com/vijaynallagatla/vjvector/pkg/index/hnsw.go:117.38,119.3 1 0
github.com/vijaynallagatla/vjvector/pkg/index/hnsw.go:121.2,121.12 1 1
github.com/vijaynallagatla/vjvector/pkg/index/hnsw.go:121.12,123.3 1 0
github.com/vijaynallagatla/vjvector/pkg/index/hnsw.go:126.2,126.31 1 1
github.com/vijaynallagatla/vjvector/pkg/index/hnsw.go:130.44,138.2 3 1
github.com/vijaynallagatla/vjvector/pkg/index/hnsw.go:141.38,149.2 3 0
github.com/vijaynallagatla/vjvector/pkg/index/hnsw.go:152.43,164.2 7 2
github.com/vijaynallagatla/vjvector/pkg/index/hnsw.go:167.35,177.2 6 5
github.com/vijaynallagatla/vjvector/pkg/index/hnsw.go:181.39,183.59 2 1009
github.com/vijaynallagatla/vjvector/pkg/index/hnsw.go:183.59,185.3 1 854
github.com/vijaynallagatla/vjvector/pkg/index/hnsw.go:186.2,186.14 1 1009
github.com/vijaynallagatla/vjvector/pkg/index/hnsw.go:190.51,191.19 1 6
github.com/vijaynallagatla/vjvector/pkg/index/hnsw.go:191.19,193.3 1 0
github.com/vijaynallagatla/vjvector/pkg/index/hnsw.go:194.2,194.32 1 6
github.com/vijaynallagatla/vjvector/pkg/index/hnsw.go:194.32,196.3 1 0
github.com/vijaynallagatla/vjvector/pkg/index/hnsw.go:197.2,197.26 1 6
github.com/vijaynallagatla/vjvector/pkg/index/hnsw.go:197.26,199.3 1 0
github.com/vijaynallagatla/vjvector/pkg/index/hnsw.go:200.2,200.27 1 6
github.com/vijaynallagatla/vjvector/pkg/index/hnsw.go:200.27,202.3 1 0
github.com/vijaynallagatla/vjvector/pkg/index/hnsw.go:203.2,203.12 1 6
github.com/vijaynallagatla/vjvector/pkg/index/hnsw.go:207.69,208.44 1 18
github.com/vijaynallagatla/vjvector/pkg/index/hnsw.go:208.44,209.30 1 55
github.com/vijaynallagatla/vjvector/pkg/index/hnsw.go:209.30,211.4 1 16
github.com/vijaynallagatla/vjvector/pkg/index/hnsw.go:213.2,213.11 1 2
github.com/vijaynallagatla/vjvector/pkg/index/hnsw.go:217.63,218.33 1 17
github.com/vijaynallagatla/vjvector/pkg/index/hnsw.go:219.16,220.32 1 17
github.com/vijaynallagatla/vjvector/pkg/index/hnsw.go:221.19,222.35 1 0
github.com/vijaynallagatla/vjvector/pkg/index/hnsw.go:223.13,224.29 1 0
github.com/vijaynallagatla/vjvector/pkg/index/hnsw.go:225.10,226.32 1 0
github.com/vijaynallagatla/vjvector/pkg/index/hnsw.go:231.60,232.22 1 19
github.com/vijaynallagatla/vjvector/pkg/index/hnsw.go:232.22,234.3 1 0
github.com/vijaynallagatla/vjvector/pkg/index/hnsw.go:236.2,240.30 4 19
github.com/vijaynallagatla/vjvector/pkg/index/hnsw.go:240.30,244.3 3 74
github.com/vijaynallagatla/vjvector/pkg/index/hnsw.go:246.2,249.30 3 19
github.com/vijaynallagatla/vjvector/pkg/index/hnsw.go:249.30,251.3 1 0
github.com/vijaynallagatla/vjvector/pkg/index/hnsw.go:253.2,257.31 3 19
github.com/vijaynallagatla/vjvector/pkg/index/hnsw.go:261.63,262.22 1 2
github.com/vijaynallagatla/vjvector/pkg/index/hnsw.go:262.22,264.3 1 0
github.com/vijaynallagatla/vjvector/pkg/index/hnsw.go:266.2,267.30 2 2
github.com/vijaynallagatla/vjvector/pkg/index/hnsw.go:267.30,270.3 2 6
github.com/vijaynallagatla/vjvector/pkg/index/hnsw.go:272.2,272.23 1 2
github.com/vijaynallagatla/vjvector/pkg/index/hnsw.go:276.57,277.22 1 0
github.com/vijaynallagatla/vjvector/pkg/index/hnsw.go:277.22,279.3 1 0
github.com/vijaynallagatla/vjvector/pkg/index/hnsw.go:281.2,282.30 2 0
github.com/vijaynallagatla/vjvector/pkg/index/hnsw.go:282.30,284.3 1 0
github.com/vijaynallagatla/vjvector/pkg/index/hnsw.go:286.2,286.20 1 0
github.com/vijaynallagatla/vjvector/pkg/index/hnsw.go:296.91,297.25 1 1
github.com/vijaynallagatla/vjvector/pkg/index/hnsw.go:297.25,299.3 1 0
github.com/vijaynallagatla/vjvector/pkg/index/hnsw.go:302.2,307.48 4 1
github.com/vijaynallagatla/vjvector/pkg/index/hnsw.go:307.48,309.27 2 0
github.com/vijaynallagatla/vjvector/pkg/index/hnsw.go:309.27,310.12 1 0
github.com/vijaynallagatla/vjvector/pkg/index/hnsw.go:314.3,315.70 2 0
github.com/vijaynallagatla/vjvector/pkg/index/hnsw.go:315.70,318.4 2 0
github.com/vijaynallagatla/vjvector/pkg/index/hnsw.go:322.2,326.33 3 1
github.com/vijaynallagatla/vjvector/pkg/index/hnsw.go:326.33,327.13 1 3
github.com/vijaynallagatla/vjvector/pkg/index/hnsw.go:327.13,328.9 1 1
github.com/vijaynallagatla/vjvector/pkg/index/hnsw.go:332.3,333.31 2 2
github.com/vijaynallagatla/vjvector/pkg/index/hnsw.go:333.31,334.30 1 3
github.com/vijaynallagatla/vjvector/pkg/index/hnsw.go:334.30,336.10 2 2
github.com/vijaynallagatla/vjvector/pkg/index/hnsw.go:340.3,340.20 1 2
github.com/vijaynallagatla/vjvector/pkg/index/hnsw.go:340.20,346.4 1 2
github.com/vijaynallagatla/vjvector/pkg/index/hnsw.go:349.2,349.27 1 1
github.com/vijaynallagatla/vjvector/pkg/index/hnsw.go:353.106,354.27 1 6
github.com/vijaynallagatla/vjvector/pkg/index/hnsw.go:354.27,356.3 1 0
github.com/vijaynallagatla/vjvector/pkg/index/hnsw.go:359.2,363.36 3 6
github.com/vijaynallagatla/vjvector/pkg/index/hnsw.go:363.36,370.3 3 6
github.com/vijaynallagatla/vjvector/pkg/index/hnsw.go:373.2,373.45 1 6
github.com/vijaynallagatla/vjvector/pkg/index/hnsw.go:373.45,375.3 1 0
github.com/vijaynallagatla/vjvector/pkg/index/hnsw.go:378.2,378.26 1 6
github.com/vijaynallagatla/vjvector/pkg/index/hnsw.go:378.26,380.3 1 0
github.com/vijaynallagatla/vjvector/pkg/index/hnsw.go:383.2,383.39 1 6
github.com/vijaynallagatla/vjvector/pkg/index/hnsw.go:383.39,387.59 2 13
github.com/vijaynallagatla/vjvector/pkg/index/hnsw.go:387.59,388.43 1 11
github.com/vijaynallagatla/vjvector/pkg/index/hnsw.go:388.43,389.13 1 0
github.com/vijaynallagatla/vjvector/pkg/index/hnsw.go:392.4,393.43 2 11
github.com/vijaynallagatla/vjvector/pkg/index/hnsw.go:393.43,394.13 1 4
github.com/vijaynallagatla/vjvector/pkg/index/hnsw.go:397.4,401.81 3 7
github.com/vijaynallagatla/vjvector/pkg/index/hnsw.go:401.81,408.48 2 7
github.com/vijaynallagatla/vjvector/pkg/index/hnsw.go:408.48,410.6 1 11
github.com/vijaynallagatla/vjvector/pkg/index/hnsw.go:412.5,412.29 1 7
github.com/vijaynallagatla/vjvector/pkg/index/hnsw.go:412.29,414.6 1 0
github.com/vijaynallagatla/vjvector/pkg/index/hnsw.go:419.2,419.19 1 6
github.com/vijaynallagatla/vjvector/pkg/index/hnsw.go:423.59,436.33 3 3
github.com/vijaynallagatla/vjvector/pkg/index/hnsw.go:436.33,438.3 1 12
github.com/vijaynallagatla/vjvector/pkg/index/hnsw.go:441.2,441.30 1 3
github.com/vijaynallagatla/vjvector/pkg/index/hnsw.go:441.30,443.3 1 5
github.com/vijaynallagatla/vjvector/pkg/index/hnsw.go:446.2,446.25 1 3
github.com/vijaynallagatla/vjvector/pkg/index/hnsw.go:446.25,449.3 2 0
github.com/vijaynallagatla/vjvector/pkg/index/hnsw.go:452.2,455.30 2 3
github.com/vijaynallagatla/vjvector/pkg/index/hnsw.go:455.30,457.3 1 5
github.com/vijaynallagatla/vjvector/pkg/index/hnsw.go:459.2,459.12 1 3
github.com/vijaynallagatla/vjvector/pkg/index/hnsw.go:463.80,468.64 3 3
github.com/vijaynallagatla/vjvector/pkg/index/hnsw.go:468.64,471.70 2 0
github.com/vijaynallagatla/vjvector/pkg/index/hnsw.go:471.70,474.4 2 0
github.com/vijaynallagatla/vjvector/pkg/index/hnsw.go:477.2,477.20 1 3
github.com/vijaynallagatla/vjvector/pkg/index/hnsw.go:481.90,489.40 3 5
github.com/vijaynallagatla/vjvector/pkg/index/hnsw.go:489.40,492.26 2 9
github.com/vijaynallagatla/vjvector/pkg/index/hnsw.go:492.26,494.4 1 7
github.com/vijaynallagatla/vjvector/pkg/index/hnsw.go:497.3,498.24 2 9
github.com/vijaynallagatla/vjvector/pkg/index/hnsw.go:498.24,500.4 1 9
github.com/vijaynallagatla/vjvector/pkg/index/hnsw.go:505.103,506.39 1 5
github.com/vijaynallagatla/vjvector/pkg/index/hnsw.go:506.39,508.3 1 5
github.com/vijaynallagatla/vjvector/pkg/index/hnsw.go:511.2,511.45 1 0
github.com/vijaynallagatla/vjvector/pkg/index/hnsw.go:511.45,513.3 1 0
github.com/vijaynallagatla/vjvector/pkg/index/hnsw.go:515.2,515.36 1 0
github.com/vijaynallagatla/vjvector/pkg/index/hnsw.go:519.77,521.52 1 9
github.com/vijaynallagatla/vjvector/pkg/index/hnsw.go:521.52,522.35 1 5
github.com/vijaynallagatla/vjvector/pkg/index/hnsw.go:522.35,524.4 1 0
github.com/vijaynallagatla/vjvector/pkg/index/hnsw.go:528.2,531.43 2 9
github.com/vijaynallagatla/vjvector/pkg/index/hnsw.go:531.43,533.3 1 0
github.com/vijaynallagatla/vjvector/pkg/index/hnsw.go:537.61,538.44 1 0
github.com/vijaynallagatla/vjvector/pkg/index/hnsw.go:538.44,540.3 1 0
github.com/vijaynallagatla/vjvector/pkg/index/hnsw.go:543.2,546.50 3 0
github.com/vijaynallagatla/vjvector/pkg/index/hnsw.go:546.50,549.41 2 0
github.com/vijaynallagatla/vjvector/pkg/index/hnsw.go:549.41,551.4 1 0
github.com/vijaynallagatla/vjvector/pkg/index/hnsw.go:553.3,553.20 1 0
github.com/vijaynallagatla/vjvector/pkg/index/hnsw.go:553.20,555.32 2 0
github.com/vijaynallagatla/vjvector/pkg/index/hnsw.go:555.32,558.5 2 0
github.com/vijaynallagatla/vjvector/pkg/index/hnsw.go:563.2,563.103 1 0
github.com/vijaynallagatla/vjvector/pkg/index/interface.go:112.37,114.2 1 12
github.com/vijaynallagatla/vjvector/pkg/index/interface.go:117.84,118.49 1 12
github.com/vijaynallagatla/vjvector/pkg/index/interface.go:118.49,120.3 1 0
github.com/vijaynallagatla/vjvector/pkg/index/interface.go:122.2,122.21 1 12
github.com/vijaynallagatla/vjvector/pkg/index/interface.go:123.21,124.30 1 6
github.com/vijaynallagatla/vjvector/pkg/index/interface.go:125.20,126.29 1 6
github.com/vijaynallagatla/vjvector/pkg/index/interface.go:127.10,128.38 1 0
github.com/vijaynallagatla/vjvector/pkg/index/interface.go:133.72,134.27 1 12
github.com/vijaynallagatla/vjvector/pkg/index/interface.go:134.27,136.3 1 0
github.com/vijaynallagatla/vjvector/pkg/index/interface.go:138.2,138.29 1 12
github.com/vijaynallagatla/vjvector/pkg/index/interface.go:138.29,140.3 1 0
github.com/vijaynallagatla/vjvector/pkg/index/interface.go:142.2,142.21 1 12
github.com/vijaynallagatla/vjvector/pkg/index/interface.go:143.21,144.38 1 6
github.com/vijaynallagatla/vjvector/pkg/index/interface.go:145.20,146.37 1 6
github.com/vijaynallagatla/vjvector/pkg/index/interface.go:147.10,148.33 1 0
github.com/vijaynallagatla/vjvector/pkg/index/interface.go:153.76,154.19 1 6
github.com/vijaynallagatla/vjvector/pkg/index/interface.go:154.19,156.3 1 0
github.com/vijaynallagatla/vjvector/pkg/index/interface.go:157.2,157.32 1 6
github.com/vijaynallagatla/vjvector/pkg/index/interface.go:157.32,159.3 1 0
github.com/vijaynallagatla/vjvector/pkg/index/interface.go:160.2,160.26 1 6
github.com/vijaynallagatla/vjvector/pkg/index/interface.go:160.26,162.3 1 0
github.com/vijaynallagatla/vjvector/pkg/index/interface.go:163.2,163.27 1 6
github.com/vijaynallagatla/vjvector/pkg/index/interface.go:163.27,165.3 1 0
github.com/vijaynallagatla/vjvector/pkg/index/interface.go:166.2,166.12 1 6
github.com/vijaynallagatla/vjvector/pkg/index/interface.go:170.75,171.29 1 6
github.com/vijaynallagatla/vjvector/pkg/index/interface.go:171.29,173.3 1 0
github.com/vijaynallagatla/vjvector/pkg/index/interface.go:174.2,174.29 1 6
github.com/vijaynallagatla/vjvector/pkg/index/interface.go:174.29,176.3 1 0
github.com/vijaynallagatla/vjvector/pkg/index/interface.go:177.2,177.12 1 6
github.com/vijaynallagatla/vjvector/pkg/index/ivf.go:33.59,34.50 1 6
github.com/vijaynallagatla/vjvector/pkg/index/ivf.go:34.50,36.3 1 0
github.com/vijaynallagatla/vjvector/pkg/index/ivf.go:38.2,46.42 2 6
github.com/vijaynallagatla/vjvector/pkg/index/ivf.go:46.42,52.3 1 116
github.com/vijaynallagatla/vjvector/pkg/index/ivf.go:54.2,54.19 1 6
github.com/vijaynallagatla/vjvector/pkg/index/ivf.go:58.54,63.49 3 10
github.com/vijaynallagatla/vjvector/pkg/index/ivf.go:63.49,65.3 1 0
github.com/vijaynallagatla/vjvector/pkg/index/ivf.go:68.2,68.44 1 10
github.com/vijaynallagatla/vjvector/pkg/index/ivf.go:68.44,70.3 1 0
github.com/vijaynallagatla/vjvector/pkg/index/ivf.go:73.2,75.12 2 10
github.com/vijaynallagatla/vjvector/pkg/index/ivf.go:79.86,81.2 1 1
github.com/vijaynallagatla/vjvector/pkg/index/ivf.go:84.116,88.38 3 1
github.com/vijaynallagatla/vjvector/pkg/index/ivf.go:88.38,90.3 1 0
github.com/vijaynallagatla/vjvector/pkg/index/ivf.go:92.2,92.12 1 1
github.com/vijaynallagatla/vjvector/pkg/index/ivf.go:92.12,94.3 1 0
github.com/vijaynallagatla/vjvector/pkg/index/ivf.go:97.2,97.30 1 1
github.com/vijaynallagatla/vjvector/pkg/index/ivf.go:101.44,106.13 4 1
github.com/vijaynallagatla/vjvector/pkg/index/ivf.go:106.13,108.3 1 0
github.com/vijaynallagatla/vjvector/pkg/index/ivf.go:111.2,112.43 2 1
github.com/vijaynallagatla/vjvector/pkg/index/ivf.go:112.43,113.21 1 1
github.com/vijaynallagatla/vjvector/pkg/index/ivf.go:113.21,117.9 3 1
github.com/vijaynallagatla/vjvector/pkg/index/ivf.go:122.2,127.12 3 1
github.com/vijaynallagatla/vjvector/pkg/index/ivf.go:131.37,139.2 3 1
github.com/vijaynallagatla/vjvector/pkg/index/ivf.go:142.42,153.2 6 3
github.com/vijaynallagatla/vjvector/pkg/index/ivf.go:156.34,166.2 6 5
github.com/vijaynallagatla/vjvector/pkg/index/ivf.go:169.50,170.29 1 6
github.com/vijaynallagatla/vjvector/pkg/index/ivf.go:170.29,172.3 1 0
github.com/vijaynallagatla/vjvector/pkg/index/ivf.go:173.2,173.29 1 6
github.com/vijaynallagatla/vjvector/pkg/index/ivf.go:173.29,175.3 1 0
github.com/vijaynallagatla/vjvector/pkg/index/ivf.go:176.2,176.12 1 6
github.com/vijaynallagatla/vjvector/pkg/index/ivf.go:180.62,181.33 1 26
github.com/vijaynallagatla/vjvector/pkg/index/ivf.go:182.16,183.32 1 18
github.com/vijaynallagatla/vjvector/pkg/index/ivf.go:184.19,185.35 1 8
github.com/vijaynallagatla/vjvector/pkg/index/ivf.go:186.13,187.29 1 0
github.com/vijaynallagatla/vjvector/pkg/index/ivf.go:188.10,189.32 1 0
github.com/vijaynallagatla/vjvector/pkg/index/ivf.go:194.59,195.22 1 20
github.com/vijaynallagatla/vjvector/pkg/index/ivf.go:195.22,197.3 1 18
github.com/vijaynallagatla/vjvector/pkg/index/ivf.go:199.2,203.30 4 2
github.com/vijaynallagatla/vjvector/pkg/index/ivf.go:203.30,207.3 3 6
github.com/vijaynallagatla/vjvector/pkg/index/ivf.go:209.2,212.30 3 2
github.com/vijaynallagatla/vjvector/pkg/index/ivf.go:212.30,214.3 1 0
github.com/vijaynallagatla/vjvector/pkg/index/ivf.go:216.2,220.31 3 2
github.com/vijaynallagatla/vjvector/pkg/index/ivf.go:224.62,225.22 1 10
github.com/vijaynallagatla/vjvector/pkg/index/ivf.go:225.22,227.3 1 8
github.com/vijaynallagatla/vjvector/pkg/index/ivf.go:229.2,230.30 2 2
github.com/vijaynallagatla/vjvector/pkg/index/ivf.go:230.30,233.3 2 6
github.com/vijaynallagatla/vjvector/pkg/index/ivf.go:235.2,235.23 1 2
github.com/vijaynallagatla/vjvector/pkg/index/ivf.go:239.56,240.22 1 0
github.com/vijaynallagatla/vjvector/pkg/index/ivf.go:240.22,242.3 1 0
github.com/vijaynallagatla/vjvector/pkg/index/ivf.go:244.2,245.30 2 0
github.com/vijaynallagatla/vjvector/pkg/index/ivf.go:245.30,247.3 1 0
github.com/vijaynallagatla/vjvector/pkg/index/ivf.go:249.2,251.20 2 0
github.com/vijaynallagatla/vjvector/pkg/index/ivf.go:255.61,259.50 3 11
github.com/vijaynallagatla/vjvector/pkg/index/ivf.go:259.50,261.29 2 26
github.com/vijaynallagatla/vjvector/pkg/index/ivf.go:261.29,264.4 2 0
github.com/vijaynallagatla/vjvector/pkg/index/ivf.go:267.2,267.23 1 11
github.com/vijaynallagatla/vjvector/pkg/index/ivf.go:271.106,273.49 2 1
github.com/vijaynallagatla/vjvector/pkg/index/ivf.go:273.49,275.3 1 0
github.com/vijaynallagatla/vjvector/pkg/index/ivf.go:279.2,279.17 1 1
github.com/vijaynallagatla/vjvector/pkg/index/ivf.go:283.89,289.16 3 1
github.com/vijaynallagatla/vjvector/pkg/index/ivf.go:289.16,291.3 1 0
github.com/vijaynallagatla/vjvector/pkg/index/ivf.go:295.2,295.21 1 1
github.com/vijaynallagatla/vjvector/pkg/index/ivf.go:299.57,313.17 7 10
github.com/vijaynallagatla/vjvector/pkg/index/ivf.go:313.17,314.31 1 6
github.com/vijaynallagatla/vjvector/pkg/index/ivf.go:314.31,317.4 1 0
github.com/vijaynallagatla/vjvector/pkg/index/ivf.go:318.3,318.46 1 6
github.com/vijaynallagatla/vjvector/pkg/index/ivf.go:318.46,320.4 1 18
github.com/vijaynallagatla/vjvector/pkg/index/ivf.go:321.8,323.30 1 4
github.com/vijaynallagatla/vjvector/pkg/index/ivf.go:323.30,325.4 1 4
github.com/vijaynallagatla/vjvector/pkg/index/ivf.go:326.3,326.43 1 4
github.com/vijaynallagatla/vjvector/pkg/index/ivf.go:329.2,329.12 1 10
github.com/vijaynallagatla/vjvector/pkg/embedding/providers/openai.go:46.83,47.25 1 10
github.com/vijaynallagatla/vjvector/pkg/embedding/providers/openai.go:47.25,49.3 1 2
github.com/vijaynallagatla/vjvector/pkg/embedding/providers/openai.go:51.2,52.19 2 8
github.com/vijaynallagatla/vjvector/pkg/embedding/providers/openai.go:52.19,54.3 1 7
github.com/vijaynallagatla/vjvector/pkg/embedding/providers/openai.go:56.2,57.18 2 8
github.com/vijaynallagatla/vjvector/pkg/embedding/providers/openai.go:57.18,59.3 1 7
github.com/vijaynallagatla/vjvector/pkg/embedding/providers/openai.go:61.2,70.8 2 8
github.com/vijaynallagatla/vjvector/pkg/embedding/providers/openai.go:74.56,76.2 1 2
github.com/vijaynallagatla/vjvector/pkg/embedding/providers/openai.go:79.40,81.2 1 2
github.com/vijaynallagatla/vjvector/pkg/embedding/providers/openai.go:84.137,85.25 1 2
github.com/vijaynallagatla/vjvector/pkg/embedding/providers/openai.go:85.25,87.3 1 2
github.com/vijaynallagatla/vjvector/pkg/embedding/providers/openai.go:90.2,91.17 2 0
github.com/vijaynallagatla/vjvector/pkg/embedding/providers/openai.go:91.17,93.3 1 0
github.com/vijaynallagatla/vjvector/pkg/embedding/providers/openai.go:96.2,101.20 5 0
github.com/vijaynallagatla/vjvector/pkg/embedding/providers/openai.go:101.20,103.3 1 0
github.com/vijaynallagatla/vjvector/pkg/embedding/providers/openai.go:105.2,105.49 1 0
github.com/vijaynallagatla/vjvector/pkg/embedding/providers/openai.go:105.49,107.27 2 0
github.com/vijaynallagatla/vjvector/pkg/embedding/providers/openai.go:107.27,109.4 1 0
github.com/vijaynallagatla/vjvector/pkg/embedding/providers/openai.go:111.3,113.17 3 0
github.com/vijaynallagatla/vjvector/pkg/embedding/providers/openai.go:113.17,115.4 1 0
github.com/vijaynallagatla/vjvector/pkg/embedding/providers/openai.go:117.3,119.25 3 0
github.com/vijaynallagatla/vjvector/pkg/embedding/providers/openai.go:122.2,135.22 2 0
github.com/vijaynallagatla/vjvector/pkg/embedding/providers/openai.go:139.125,147.16 3 0
github.com/vijaynallagatla/vjvector/pkg/embedding/providers/openai.go:147.16,149.3 1 0
github.com/vijaynallagatla/vjvector/pkg/embedding/providers/openai.go:152.2,154.16 3 0
github.com/vijaynallagatla/vjvector/pkg/embedding/providers/openai.go:154.16,156.3 1 0
github.com/vijaynallagatla/vjvector/pkg/embedding/providers/openai.go:158.2,163.16 4 0
github.com/vijaynallagatla/vjvector/pkg/embedding/providers/openai.go:163.16,165.3 1 0
github.com/vijaynallagatla/vjvector/pkg/embedding/providers/openai.go:167.2,167.15 1 0
github.com/vijaynallagatla/vjvector/pkg/embedding/providers/openai.go:167.15,168.43 1 0
github.com/vijaynallagatla/vjvector/pkg/embedding/providers/openai.go:168.43,170.4 1 0
github.com/vijaynallagatla/vjvector/pkg/embedding/providers/openai.go:174.2,175.16 2 0
github.com/vijaynallagatla/vjvector/pkg/embedding/providers/openai.go:175.16,177.3 1 0
github.com/vijaynallagatla/vjvector/pkg/embedding/providers/openai.go:180.2,180.38 1 0
github.com/vijaynallagatla/vjvector/pkg/embedding/providers/openai.go:180.38,182.3 1 0
github.com/vijaynallagatla/vjvector/pkg/embedding/providers/openai.go:185.2,186.58 2 0
github.com/vijaynallagatla/vjvector/pkg/embedding/providers/openai.go:186.58,188.3 1 0
github.com/vijaynallagatla/vjvector/pkg/embedding/providers/openai.go:191.2,192.39 2 0
github.com/vijaynallagatla/vjvector/pkg/embedding/providers/openai.go:192.39,194.3 1 0
github.com/vijaynallagatla/vjvector/pkg/embedding/providers/openai.go:197.2,199.60 2 0
github.com/vijaynallagatla/vjvector/pkg/embedding/providers/openai.go:203.74,206.15 2 4
github.com/vijaynallagatla/vjvector/pkg/embedding/providers/openai.go:207.32,208.21 1 1
github.com/vijaynallagatla/vjvector/pkg/embedding/providers/openai.go:209.32,210.22 1 1
github.com/vijaynallagatla/vjvector/pkg/embedding/providers/openai.go:211.32,212.22 1 1
github.com/vijaynallagatla/vjvector/pkg/embedding/providers/openai.go:213.10,214.21 1 1
github.com/vijaynallagatla/vjvector/pkg/embedding/providers/openai.go:217.2,217.45 1 4
github.com/vijaynallagatla/vjvector/pkg/embedding/providers/openai.go:221.84,253.2 2 1
github.com/vijaynallagatla/vjvector/pkg/embedding/providers/openai.go:256.67,270.2 1 1
github.com/vijaynallagatla/vjvector/pkg/embedding/providers/openai.go:273.65,283.2 3 0
github.com/vijaynallagatla/vjvector/pkg/embedding/providers/openai.go:286.40,289.2 1 1
github.com/vijaynallagatla/vjvector/pkg/embedding/providers/sentence_transformers.go:40.112,41.28 1 17
github.com/vijaynallagatla/vjvector/pkg/embedding/providers/sentence_transformers.go:41.28,43.3 1 16
github.com/vijaynallagatla/vjvector/pkg/embedding/providers/sentence_transformers.go:44.2,44.28 1 17
github.com/vijaynallagatla/vjvector/pkg/embedding/providers/sentence_transformers.go:44.28,46.3 1 15
github.com/vijaynallagatla/vjvector/pkg/embedding/providers/sentence_transformers.go:47.2,47.25 1 17
github.com/vijaynallagatla/vjvector/pkg/embedding/providers/sentence_transformers.go:47.25,49.3 1 15
github.com/vijaynallagatla/vjvector/pkg/embedding/providers/sentence_transformers.go:50.2,50.27 1 17
github.com/vijaynallagatla/vjvector/pkg/embedding/providers/sentence_transformers.go:50.27,52.3 1 15
github.com/vijaynallagatla/vjvector/pkg/embedding/providers/sentence_transformers.go:53.2,53.27 1 17
github.com/vijaynallagatla/vjvector/pkg/embedding/providers/sentence_transformers.go:53.27,55.3 1 14
github.com/vijaynallagatla/vjvector/pkg/embedding/providers/sentence_transformers.go:56.2,56.27 1 17
github.com/vijaynallagatla/vjvector/pkg/embedding/providers/sentence_transformers.go:56.27,58.3 1 15
github.com/vijaynallagatla/vjvector/pkg/embedding/providers/sentence_transformers.go:60.2,73.46 2 17
github.com/vijaynallagatla/vjvector/pkg/embedding/providers/sentence_transformers.go:73.46,75.3 1 0
github.com/vijaynallagatla/vjvector/pkg/embedding/providers/sentence_transformers.go:77.2,77.22 1 17
github.com/vijaynallagatla/vjvector/pkg/embedding/providers/sentence_transformers.go:81.59,112.2 14 17
github.com/vijaynallagatla/vjvector/pkg/embedding/providers/sentence_transformers.go:115.70,117.2 1 4
github.com/vijaynallagatla/vjvector/pkg/embedding/providers/sentence_transformers.go:120.54,122.2 1 4
github.com/vijaynallagatla/vjvector/pkg/embedding/providers/sentence_transformers.go:125.151,129.22 2 19
github.com/vijaynallagatla/vjvector/pkg/embedding/providers/sentence_transformers.go:129.22,131.3 1 0
github.com/vijaynallagatla/vjvector/pkg/embedding/providers/sentence_transformers.go:134.2,134.25 1 19
github.com/vijaynallagatla/vjvector/pkg/embedding/providers/sentence_transformers.go:134.25,136.3 1 1
github.com/vijaynallagatla/vjvector/pkg/embedding/providers/sentence_transformers.go:139.2,139.28 1 18
github.com/vijaynallagatla/vjvector/pkg/embedding/providers/sentence_transformers.go:139.28,142.3 2 0
github.com/vijaynallagatla/vjvector/pkg/embedding/providers/sentence_transformers.go:145.2,146.16 2 18
github.com/vijaynallagatla/vjvector/pkg/embedding/providers/sentence_transformers.go:146.16,149.3 2 0
github.com/vijaynallagatla/vjvector/pkg/embedding/providers/sentence_transformers.go:152.2,167.22 4 18
github.com/vijaynallagatla/vjvector/pkg/embedding/providers/sentence_transformers.go:171.111,174.47 2 18
github.com/vijaynallagatla/vjvector/pkg/embedding/providers/sentence_transformers.go:174.47,176.23 2 20
github.com/vijaynallagatla/vjvector/pkg/embedding/providers/sentence_transformers.go:176.23,178.4 1 18
github.com/vijaynallagatla/vjvector/pkg/embedding/providers/sentence_transformers.go:180.3,182.17 3 20
github.com/vijaynallagatla/vjvector/pkg/embedding/providers/sentence_transformers.go:182.17,184.4 1 0
github.com/vijaynallagatla/vjvector/pkg/embedding/providers/sentence_transformers.go:186.3,186.60 1 20
[...]
github.com/vijaynallagatla/vjvector/pkg/rag/result_reranking.go:173.2,173.12 1 0
github.com/vijaynallagatla/vjvector/pkg/rag/result_reranking.go:177.100,184.57 3 5
github.com/vijaynallagatla/vjvector/pkg/rag/result_reranking.go:184.57,185.40 1 1
github.com/vijaynallagatla/vjvector/pkg/rag/result_reranking.go:185.40,187.4 1 1
github.com/vijaynallagatla/vjvector/pkg/rag/result_reranking.go:190.2,190.22 1 5
github.com/vijaynallagatla/vjvector/pkg/rag/result_reranking.go:190.22,192.3 1 4
github.com/vijaynallagatla/vjvector/pkg/rag/result_reranking.go:195.2,199.39 4 1
github.com/vijaynallagatla/vjvector/pkg/rag/result_reranking.go:199.39,200.42 1 2
github.com/vijaynallagatla/vjvector/pkg/rag/result_reranking.go:200.42,201.31 1 5
github.com/vijaynallagatla/vjvector/pkg/rag/result_reranking.go:201.31,203.10 2 2
github.com/vijaynallagatla/vjvector/pkg/rag/result_reranking.go:208.2,208.26 1 1
github.com/vijaynallagatla/vjvector/pkg/rag/result_reranking.go:208.26,210.3 1 0
github.com/vijaynallagatla/vjvector/pkg/rag/result_reranking.go:212.2,212.52 1 1
github.com/vijaynallagatla/vjvector/pkg/rag/result_reranking.go:216.61,222.2 1 10
github.com/vijaynallagatla/vjvector/pkg/rag/result_reranking.go:238.113,239.19 1 12
github.com/vijaynallagatla/vjvector/pkg/rag/result_reranking.go:239.19,245.3 1 12
github.com/vijaynallagatla/vjvector/pkg/rag/result_reranking.go:247.2,250.3 1 12
github.com/vijaynallagatla/vjvector/pkg/rag/result_reranking.go:254.118,255.31 1 2
github.com/vijaynallagatla/vjvector/pkg/rag/result_reranking.go:255.31,257.3 1 2
github.com/vijaynallagatla/vjvector/pkg/rag/result_reranking.go:260.2,261.16 2 0
github.com/vijaynallagatla/vjvector/pkg/rag/result_reranking.go:261.16,263.3 1 0
github.com/vijaynallagatla/vjvector/pkg/rag/result_reranking.go:266.2,267.33 2 0
github.com/vijaynallagatla/vjvector/pkg/rag/result_reranking.go:267.33,269.49 2 0
github.com/vijaynallagatla/vjvector/pkg/rag/result_reranking.go:269.49,274.4 3 0
github.com/vijaynallagatla/vjvector/pkg/rag/result_reranking.go:278.2,278.48 1 0
github.com/vijaynallagatla/vjvector/pkg/rag/result_reranking.go:278.48,280.3 1 0
github.com/vijaynallagatla/vjvector/pkg/rag/result_reranking.go:283.2,283.54 1 0
github.com/vijaynallagatla/vjvector/pkg/rag/result_reranking.go:283.54,285.3 1 0
github.com/vijaynallagatla/vjvector/pkg/rag/result_reranking.go:287.2,287.27 1 0
github.com/vijaynallagatla/vjvector/pkg/rag/result_reranking.go:291.105,299.16 3 0
github.com/vijaynallagatla/vjvector/pkg/rag/result_reranking.go:299.16,301.3 1 0
github.com/vijaynallagatla/vjvector/pkg/rag/result_reranking.go:303.2,303.40 1 0
github.com/vijaynallagatla/vjvector/pkg/rag/result_reranking.go:303.40,305.3 1 0
github.com/vijaynallagatla/vjvector/pkg/rag/result_reranking.go:307.2,307.41 1 0
github.com/vijaynallagatla/vjvector/pkg/rag/result_reranking.go:311.111,315.63 1 0
github.com/vijaynallagatla/vjvector/pkg/rag/result_reranking.go:315.63,317.3 1 0
github.com/vijaynallagatla/vjvector/pkg/rag/result_reranking.go:319.2,319.68 1 0
github.com/vijaynallagatla/vjvector/pkg/rag/result_reranking.go:323.69,324.37 1 3
github.com/vijaynallagatla/vjvector/pkg/rag/result_reranking.go:324.37,326.3 1 0
github.com/vijaynallagatla/vjvector/pkg/rag/result_reranking.go:328.2,330.30 2 3
github.com/vijaynallagatla/vjvector/pkg/rag/result_reranking.go:330.30,334.3 3 9
github.com/vijaynallagatla/vjvector/pkg/rag/result_reranking.go:336.2,336.30 1 3
github.com/vijaynallagatla/vjvector/pkg/rag/result_reranking.go:336.30,338.3 1 0
github.com/vijaynallagatla/vjvector/pkg/rag/result_reranking.go:340.2,340.59 1 3
github.com/vijaynallagatla/vjvector/pkg/rag/result_reranking.go:344.42,344.63 1 3
github.com/vijaynallagatla/vjvector/pkg/rag/result_reranking.go:347.49,347.63 1 4
github.com/vijaynallagatla/vjvector/pkg/rag/result_reranking.go:364.84,365.19 1 12
github.com/vijaynallagatla/vjvector/pkg/rag/result_reranking.go:365.19,373.3 1 12
github.com/vijaynallagatla/vjvector/pkg/rag/result_reranking.go:375.2,377.3 1 12
github.com/vijaynallagatla/vjvector/pkg/rag/result_reranking.go:381.122,384.33 2 2
github.com/vijaynallagatla/vjvector/pkg/rag/result_reranking.go:384.33,391.3 4 4
github.com/vijaynallagatla/vjvector/pkg/rag/result_reranking.go:394.2,394.55 1 2
github.com/vijaynallagatla/vjvector/pkg/rag/result_reranking.go:394.55,396.3 1 2
github.com/vijaynallagatla/vjvector/pkg/rag/result_reranking.go:398.2,398.34 1 2
github.com/vijaynallagatla/vjvector/pkg/rag/result_reranking.go:402.97,403.26 1 5
github.com/vijaynallagatla/vjvector/pkg/rag/result_reranking.go:403.26,405.3 1 0
github.com/vijaynallagatla/vjvector/pkg/rag/result_reranking.go:407.2,411.66 3 5
github.com/vijaynallagatla/vjvector/pkg/rag/result_reranking.go:411.66,415.3 3 1
github.com/vijaynallagatla/vjvector/pkg/rag/result_reranking.go:418.2,418.55 1 5
github.com/vijaynallagatla/vjvector/pkg/rag/result_reranking.go:418.55,422.3 3 5
github.com/vijaynallagatla/vjvector/pkg/rag/result_reranking.go:425.2,425.66 1 5
github.com/vijaynallagatla/vjvector/pkg/rag/result_reranking.go:425.66,429.3 3 1
github.com/vijaynallagatla/vjvector/pkg/rag/result_reranking.go:432.2,432.59 1 5
github.com/vijaynallagatla/vjvector/pkg/rag/result_reranking.go:432.59,436.3 3 1
github.com/vijaynallagatla/vjvector/pkg/rag/result_reranking.go:438.2,438.22 1 5
github.com/vijaynallagatla/vjvector/pkg/rag/result_reranking.go:438.22,440.3 1 0
github.com/vijaynallagatla/vjvector/pkg/rag/result_reranking.go:442.2,442.33 1 5
github.com/vijaynallagatla/vjvector/pkg/rag/result_reranking.go:446.112,450.2 1 1
github.com/vijaynallagatla/vjvector/pkg/rag/result_reranking.go:453.102,457.2 1 5
github.com/vijaynallagatla/vjvector/pkg/rag/result_reranking.go:460.105,464.2 1 1
github.com/vijaynallagatla/vjvector/pkg/rag/result_reranking.go:467.106,471.2 1 1
github.com/vijaynallagatla/vjvector/pkg/rag/result_reranking.go:474.46,474.72 1 4
github.com/vijaynallagatla/vjvector/pkg/rag/result_reranking.go:477.53,477.67 1 4
github.com/vijaynallagatla/vjvector/pkg/rag/result_reranking.go:493.71,494.19 1 11
github.com/vijaynallagatla/vjvector/pkg/rag/result_reranking.go:494.19,501.3 1 11
github.com/vijaynallagatla/vjvector/pkg/rag/result_reranking.go:503.2,505.3 1 11
github.com/vijaynallagatla/vjvector/pkg/rag/result_reranking.go:509.116,511.33 1 2
github.com/vijaynallagatla/vjvector/pkg/rag/result_reranking.go:511.33,518.3 4 4
github.com/vijaynallagatla/vjvector/pkg/rag/result_reranking.go:521.2,521.42 1 2
github.com/vijaynallagatla/vjvector/pkg/rag/result_reranking.go:521.42,523.3 1 2
github.com/vijaynallagatla/vjvector/pkg/rag/result_reranking.go:525.2,525.21 1 2
github.com/vijaynallagatla/vjvector/pkg/rag/result_reranking.go:529.96,533.2 1 4
github.com/vijaynallagatla/vjvector/pkg/rag/result_reranking.go:536.95,540.2 1 4
github.com/vijaynallagatla/vjvector/pkg/rag/result_reranking.go:543.40,543.59 1 2
github.com/vijaynallagatla/vjvector/pkg/rag/result_reranking.go:546.47,546.61 1 4
github.com/vijaynallagatla/vjvector/pkg/storage/interface.go:121.41,123.2 1 0
github.com/vijaynallagatla/vjvector/pkg/storage/interface.go:126.92,127.49 1 5
github.com/vijaynallagatla/vjvector/pkg/storage/interface.go:127.49,129.3 1 0
github.com/vijaynallagatla/vjvector/pkg/storage/interface.go:131.2,131.21 1 5
github.com/vijaynallagatla/vjvector/pkg/storage/interface.go:132.25,133.34 1 5
github.com/vijaynallagatla/vjvector/pkg/storage/interface.go:134.23,135.32 1 0
github.com/vijaynallagatla/vjvector/pkg/storage/interface.go:136.26,137.35 1 0
github.com/vijaynallagatla/vjvector/pkg/storage/interface.go:138.10,139.40 1 0
github.com/vijaynallagatla/vjvector/pkg/storage/interface.go:144.76,145.27 1 5
github.com/vijaynallagatla/vjvector/pkg/storage/interface.go:145.27,147.3 1 0
github.com/vijaynallagatla/vjvector/pkg/storage/interface.go:149.2,149.29 1 5
github.com/vijaynallagatla/vjvector/pkg/storage/interface.go:149.29,151.3 1 0
github.com/vijaynallagatla/vjvector/pkg/storage/interface.go:153.2,153.27 1 5
github.com/vijaynallagatla/vjvector/pkg/storage/interface.go:153.27,155.3 1 0
github.com/vijaynallagatla/vjvector/pkg/storage/interface.go:157.2,157.21 1 5
github.com/vijaynallagatla/vjvector/pkg/storage/interface.go:158.25,159.40 1 5
github.com/vijaynallagatla/vjvector/pkg/storage/interface.go:160.23,161.38 1 0
github.com/vijaynallagatla/vjvector/pkg/storage/interface.go:162.26,163.41 1 0
github.com/vijaynallagatla/vjvector/pkg/storage/interface.go:164.10,165.35 1 0
github.com/vijaynallagatla/vjvector/pkg/storage/interface.go:170.77,173.2 1 5
github.com/vijaynallagatla/vjvector/pkg/storage/interface.go:176.80,177.26 1 0
github.com/vijaynallagatla/vjvector/pkg/storage/interface.go:177.26,179.3 1 0
github.com/vijaynallagatla/vjvector/pkg/storage/interface.go:180.2,180.12 1 0
github.com/vijaynallagatla/vjvector/pkg/storage/interface.go:184.83,185.27 1 0
github.com/vijaynallagatla/vjvector/pkg/storage/interface.go:185.27,187.3 1 0
github.com/vijaynallagatla/vjvector/pkg/storage/interface.go:188.2,188.33 1 0
github.com/vijaynallagatla/vjvector/pkg/storage/interface.go:188.33,190.3 1 0
github.com/vijaynallagatla/vjvector/pkg/storage/interface.go:191.2,191.30 1 0
github.com/vijaynallagatla/vjvector/pkg/storage/interface.go:191.30,193.3 1 0
github.com/vijaynallagatla/vjvector/pkg/storage/interface.go:194.2,194.12 1 0
github.com/vijaynallagatla/vjvector/pkg/storage/leveldb.go:39.69,41.73 1 0
github.com/vijaynallagatla/vjvector/pkg/storage/leveldb.go:41.73,43.3 1 0
github.com/vijaynallagatla/vjvector/pkg/storage/leveldb.go:46.2,51.16 3 0
github.com/vijaynallagatla/vjvector/pkg/storage/leveldb.go:51.16,53.3 1 0
github.com/vijaynallagatla/vjvector/pkg/storage/leveldb.go:55.2,65.21 3 0
github.com/vijaynallagatla/vjvector/pkg/storage/leveldb.go:69.62,71.2 1 0
github.com/vijaynallagatla/vjvector/pkg/storage/leveldb.go:74.92,81.33 5 0
github.com/vijaynallagatla/vjvector/pkg/storage/leveldb.go:81.33,94.3 4 0
github.com/vijaynallagatla/vjvector/pkg/storage/leveldb.go:97.2,97.47 1 0
github.com/vijaynallagatla/vjvector/pkg/storage/leveldb.go:97.47,99.3 1 0
github.com/vijaynallagatla/vjvector/pkg/storage/leveldb.go:102.2,105.12 3 0
github.com/vijaynallagatla/vjvector/pkg/storage/leveldb.go:109.69,111.2 1 0
github.com/vijaynallagatla/vjvector/pkg/storage/leveldb.go:114.99,121.25 5 0
github.com/vijaynallagatla/vjvector/pkg/storage/leveldb.go:121.25,124.17 3 0
github.com/vijaynallagatla/vjvector/pkg/storage/leveldb.go:124.17,125.34 1 0
github.com/vijaynallagatla/vjvector/pkg/storage/leveldb.go:125.34,126.13 1 0
github.com/vijaynallagatla/vjvector/pkg/storage/leveldb.go:128.4,128.67 1 0
github.com/vijaynallagatla/vjvector/pkg/storage/leveldb.go:133.3,138.36 2 0
github.com/vijaynallagatla/vjvector/pkg/storage/leveldb.go:142.2,144.21 2 0
github.com/vijaynallagatla/vjvector/pkg/storage/leveldb.go:148.53,150.2 1 0
github.com/vijaynallagatla/vjvector/pkg/storage/leveldb.go:153.83,160.25 5 0
github.com/vijaynallagatla/vjvector/pkg/storage/leveldb.go:160.25,163.3 2 0
github.com/vijaynallagatla/vjvector/pkg/storage/leveldb.go:166.2,166.47 1 0
github.com/vijaynallagatla/vjvector/pkg/storage/leveldb.go:166.47,168.3 1 0
github.com/vijaynallagatla/vjvector/pkg/storage/leveldb.go:171.2,174.12 3 0
github.com/vijaynallagatla/vjvector/pkg/storage/leveldb.go:178.42,185.2 3 0
github.com/vijaynallagatla/vjvector/pkg/storage/leveldb.go:188.50,198.2 7 0
github.com/vijaynallagatla/vjvector/pkg/storage/leveldb.go:201.40,206.17 3 0
github.com/vijaynallagatla/vjvector/pkg/storage/leveldb.go:206.17,207.38 1 0
github.com/vijaynallagatla/vjvector/pkg/storage/leveldb.go:207.38,209.4 1 0
github.com/vijaynallagatla/vjvector/pkg/storage/leveldb.go:212.2,212.12 1 0
github.com/vijaynallagatla/vjvector/pkg/storage/memory.go:23.68,31.2 2 5
github.com/vijaynallagatla/vjvector/pkg/storage/memory.go:34.61,36.2 1 3
github.com/vijaynallagatla/vjvector/pkg/storage/memory.go:39.91,45.33 4 3
github.com/vijaynallagatla/vjvector/pkg/storage/memory.go:45.33,47.3 1 5
github.com/vijaynallagatla/vjvector/pkg/storage/memory.go:50.2,53.12 3 3
github.com/vijaynallagatla/vjvector/pkg/storage/memory.go:57.68,59.2 1 3
github.com/vijaynallagatla/vjvector/pkg/storage/memory.go:62.98,69.25 5 3
github.com/vijaynallagatla/vjvector/pkg/storage/memory.go:69.25,70.46 1 5
github.com/vijaynallagatla/vjvector/pkg/storage/memory.go:70.46,72.4 1 3
github.com/vijaynallagatla/vjvector/pkg/storage/memory.go:76.2,78.21 2 3
github.com/vijaynallagatla/vjvector/pkg/storage/memory.go:82.52,84.2 1 1
github.com/vijaynallagatla/vjvector/pkg/storage/memory.go:87.82,93.25 4 1
github.com/vijaynallagatla/vjvector/pkg/storage/memory.go:93.25,95.3 1 1
github.com/vijaynallagatla/vjvector/pkg/storage/memory.go:98.2,101.12 3 1
github.com/vijaynallagatla/vjvector/pkg/storage/memory.go:105.41,108.2 1 1
github.com/vijaynallagatla/vjvector/pkg/storage/memory.go:111.49,121.2 7 3
github.com/vijaynallagatla/vjvector/pkg/storage/memory.go:124.39,132.2 4 4
github.com/vijaynallagatla/vjvector/pkg/storage/mmap.go:25.66,28.16 2 0
github.com/vijaynallagatla/vjvector/pkg/storage/mmap.go:28.16,30.3 1 0
github.com/vijaynallagatla/vjvector/pkg/storage/mmap.go:32.2,39.21 2 0
github.com/vijaynallagatla/vjvector/pkg/storage/mmap.go:43.59,45.2 1 0
github.com/vijaynallagatla/vjvector/pkg/storage/mmap.go:48.89,55.33 4 0
github.com/vijaynallagatla/vjvector/pkg/storage/mmap.go:55.33,56.50 1 0
github.com/vijaynallagatla/vjvector/pkg/storage/mmap.go:56.50,58.4 1 0
github.com/vijaynallagatla/vjvector/pkg/storage/mmap.go:62.2,66.12 4 0
github.com/vijaynallagatla/vjvector/pkg/storage/mmap.go:70.66,72.2 1 0
github.com/vijaynallagatla/vjvector/pkg/storage/mmap.go:75.96,83.25 5 0
github.com/vijaynallagatla/vjvector/pkg/storage/mmap.go:83.25,85.17 2 0
github.com/vijaynallagatla/vjvector/pkg/storage/mmap.go:85.17,87.12 1 0
github.com/vijaynallagatla/vjvector/pkg/storage/mmap.go:89.3,89.36 1 0
github.com/vijaynallagatla/vjvector/pkg/storage/mmap.go:93.2,95.21 2 0
github.com/vijaynallagatla/vjvector/pkg/storage/mmap.go:99.50,101.2 1 0
github.com/vijaynallagatla/vjvector/pkg/storage/mmap.go:104.80,111.25 4 0
github.com/vijaynallagatla/vjvector/pkg/storage/mmap.go:111.25,112.47 1 0
github.com/vijaynallagatla/vjvector/pkg/storage/mmap.go:112.47,114.12 1 0
github.com/vijaynallagatla/vjvector/pkg/storage/mmap.go:119.2,123.12 4 0
github.com/vijaynallagatla/vjvector/pkg/storage/mmap.go:127.39,131.2 1 0
github.com/vijaynallagatla/vjvector/pkg/storage/mmap.go:134.47,145.2 8 0
github.com/vijaynallagatla/vjvector/pkg/storage/mmap.go:148.37,153.23 3 0
github.com/vijaynallagatla/vjvector/pkg/storage/mmap.go:153.23,154.44 1 0
github.com/vijaynallagatla/vjvector/pkg/storage/mmap.go:154.44,156.4 1 0
github.com/vijaynallagatla/vjvector/pkg/storage/mmap.go:159.2,159.12 1 0
github.com/vijaynallagatla/vjvector/pkg/storage/mmap_real.go:43.86,46.47 2 0
github.com/vijaynallagatla/vjvector/pkg/storage/mmap_real.go:46.47,48.3 1 0
github.com/vijaynallagatla/vjvector/pkg/storage/mmap_real.go:51.2,52.16 2 0
github.com/vijaynallagatla/vjvector/pkg/storage/mmap_real.go:52.16,54.3 1 0
github.com/vijaynallagatla/vjvector/pkg/storage/mmap_real.go:57.2,58.16 2 0
github.com/vijaynallagatla/vjvector/pkg/storage/mmap_real.go:58.16,59.48 1 0
github.com/vijaynallagatla/vjvector/pkg/storage/mmap_real.go:59.48,61.4 1 0
github.com/vijaynallagatla/vjvector/pkg/storage/mmap_real.go:62.3,62.61 1 0
github.com/vijaynallagatla/vjvector/pkg/storage/mmap_real.go:65.2,66.19 2 0
github.com/vijaynallagatla/vjvector/pkg/storage/mmap_real.go:66.19,69.49 2 0
github.com/vijaynallagatla/vjvector/pkg/storage/mmap_real.go:69.49,70.49 1 0
github.com/vijaynallagatla/vjvector/pkg/storage/mmap_real.go:70.49,72.5 1 0
github.com/vijaynallagatla/vjvector/pkg/storage/mmap_real.go:73.4,73.64 1 0
github.com/vijaynallagatla/vjvector/pkg/storage/mmap_real.go:78.2,85.16 2 0
github.com/vijaynallagatla/vjvector/pkg/storage/mmap_real.go:85.16,86.48 1 0
github.com/vijaynallagatla/vjvector/pkg/storage/mmap_real.go:86.48,88.4 1 0
github.com/vijaynallagatla/vjvector/pkg/storage/mmap_real.go:89.3,89.63 1 0
github.com/vijaynallagatla/vjvector/pkg/storage/mmap_real.go:92.2,103.46 2 0
github.com/vijaynallagatla/vjvector/pkg/storage/mmap_real.go:103.46,104.52 1 0
github.com/vijaynallagatla/vjvector/pkg/storage/mmap_real.go:104.52,106.4 1 0
github.com/vijaynallagatla/vjvector/pkg/storage/mmap_real.go:107.3,107.59 1 0
github.com/vijaynallagatla/vjvector/pkg/storage/mmap_real.go:110.2,110.22 1 0
github.com/vijaynallagatla/vjvector/pkg/storage/mmap_real.go:114.39,117.26 2 0
github.com/vijaynallagatla/vjvector/pkg/storage/mmap_real.go:117.26,118.63 1 0
github.com/vijaynallagatla/vjvector/pkg/storage/mmap_real.go:118.63,119.9 1 0
github.com/vijaynallagatla/vjvector/pkg/storage/mmap_real.go:123.3,126.28 2 0
github.com/vijaynallagatla/vjvector/pkg/storage/mmap_real.go:126.28,127.9 1 0
github.com/vijaynallagatla/vjvector/pkg/storage/mmap_real.go:131.3,134.36 3 0
github.com/vijaynallagatla/vjvector/pkg/storage/mmap_real.go:134.36,135.9 1 0
github.com/vijaynallagatla/vjvector/pkg/storage/mmap_real.go:139.3,143.22 3 0
github.com/vijaynallagatla/vjvector/pkg/storage/mmap_real.go:146.2,146.12 1 0
github.com/vijaynallagatla/vjvector/pkg/storage/mmap_real.go:150.53,155.45 3 0
github.com/vijaynallagatla/vjvector/pkg/storage/mmap_real.go:155.45,157.3 1 0
github.com/vijaynallagatla/vjvector/pkg/storage/mmap_real.go:161.2,163.12 2 0
github.com/vijaynallagatla/vjvector/pkg/storage/mmap_real.go:167.58,172.13 4 0
github.com/vijaynallagatla/vjvector/pkg/storage/mmap_real.go:172.13,174.3 1 0
github.com/vijaynallagatla/vjvector/pkg/storage/mmap_real.go:177.2,177.62 1 0
github.com/vijaynallagatla/vjvector/pkg/storage/mmap_real.go:177.62,179.3 1 0
github.com/vijaynallagatla/vjvector/pkg/storage/mmap_real.go:181.2,184.27 2 0
github.com/vijaynallagatla/vjvector/pkg/storage/mmap_real.go:184.27,186.3 1 0
github.com/vijaynallagatla/vjvector/pkg/storage/mmap_real.go:189.2,192.38 3 0
github.com/vijaynallagatla/vjvector/pkg/storage/mmap_real.go:192.38,194.3 1 0
github.com/vijaynallagatla/vjvector/pkg/storage/mmap_real.go:197.2,201.34 4 0
github.com/vijaynallagatla/vjvector/pkg/storage/mmap_real.go:201.34,204.28 3 0
github.com/vijaynallagatla/vjvector/pkg/storage/mmap_real.go:204.28,206.4 1 0
github.com/vijaynallagatla/vjvector/pkg/storage/mmap_real.go:210.2,211.41 2 0
github.com/vijaynallagatla/vjvector/pkg/storage/mmap_real.go:211.41,213.3 1 0
github.com/vijaynallagatla/vjvector/pkg/storage/mmap_real.go:215.2,219.8 1 0
github.com/vijaynallagatla/vjvector/pkg/storage/mmap_real.go:223.44,228.13 4 0
github.com/vijaynallagatla/vjvector/pkg/storage/mmap_real.go:228.13,230.3 1 0
github.com/vijaynallagatla/vjvector/pkg/storage/mmap_real.go:233.2,240.39 4 0
github.com/vijaynallagatla/vjvector/pkg/storage/mmap_real.go:240.39,242.3 1 0
github.com/vijaynallagatla/vjvector/pkg/storage/mmap_real.go:244.2,244.12 1 0
github.com/vijaynallagatla/vjvector/pkg/storage/mmap_real.go:256.39,259.44 1 0
github.com/vijaynallagatla/vjvector/pkg/storage/mmap_real.go:259.44,261.3 1 0
github.com/vijaynallagatla/vjvector/pkg/storage/mmap_real.go:262.2,262.12 1 0
github.com/vijaynallagatla/vjvector/pkg/storage/mmap_real.go:266.61,268.29 2 0
github.com/vijaynallagatla/vjvector/pkg/storage/mmap_real.go:268.29,271.27 2 0
github.com/vijaynallagatla/vjvector/pkg/storage/mmap_real.go:271.27,273.4 1 0
github.com/vijaynallagatla/vjvector/pkg/storage/mmap_real.go:275.2,275.17 1 0
github.com/vijaynallagatla/vjvector/pkg/storage/mmap_real.go:279.34,284.39 3 0
github.com/vijaynallagatla/vjvector/pkg/storage/mmap_real.go:284.39,286.3 1 0
github.com/vijaynallagatla/vjvector/pkg/storage/mmap_real.go:289.2,289.51 1 0
github.com/vijaynallagatla/vjvector/pkg/storage/mmap_real.go:289.51,291.3 1 0
github.com/vijaynallagatla/vjvector/pkg/storage/mmap_real.go:294.2,294.45 1 0
github.com/vijaynallagatla/vjvector/pkg/storage/mmap_real.go:294.45,296.3 1 0
github.com/vijaynallagatla/vjvector/pkg/storage/mmap_real.go:298.2,298.12 1 0
github.com/vijaynallagatla/vjvector/pkg/storage/mmap_real.go:302.44,313.2 3 0
